

Processing ApplicationController#index (for 127.0.0.1 at 2014-05-20 15:32:36) [GET]

ActionController::RoutingError (No route matches "/product/index" with {:method=>:get}):
  D:/Ruby187/lib/ruby/1.8/webrick/httpserver.rb:104:in `service'
  D:/Ruby187/lib/ruby/1.8/webrick/httpserver.rb:65:in `run'
  D:/Ruby187/lib/ruby/1.8/webrick/server.rb:173:in `start_thread'
  D:/Ruby187/lib/ruby/1.8/webrick/server.rb:162:in `start'
  D:/Ruby187/lib/ruby/1.8/webrick/server.rb:162:in `start_thread'
  D:/Ruby187/lib/ruby/1.8/webrick/server.rb:95:in `start'
  D:/Ruby187/lib/ruby/1.8/webrick/server.rb:92:in `each'
  D:/Ruby187/lib/ruby/1.8/webrick/server.rb:92:in `start'
  D:/Ruby187/lib/ruby/1.8/webrick/server.rb:23:in `start'
  D:/Ruby187/lib/ruby/1.8/webrick/server.rb:82:in `start'
  -e:1:in `load'
  -e:1

Rendering rescues/layout (not_found)


Processing ApplicationController#index (for 127.0.0.1 at 2014-05-20 15:32:40) [GET]

ActionController::RoutingError (No route matches "/product" with {:method=>:get}):
  D:/Ruby187/lib/ruby/1.8/webrick/httpserver.rb:104:in `service'
  D:/Ruby187/lib/ruby/1.8/webrick/httpserver.rb:65:in `run'
  D:/Ruby187/lib/ruby/1.8/webrick/server.rb:173:in `start_thread'
  D:/Ruby187/lib/ruby/1.8/webrick/server.rb:162:in `start'
  D:/Ruby187/lib/ruby/1.8/webrick/server.rb:162:in `start_thread'
  D:/Ruby187/lib/ruby/1.8/webrick/server.rb:95:in `start'
  D:/Ruby187/lib/ruby/1.8/webrick/server.rb:92:in `each'
  D:/Ruby187/lib/ruby/1.8/webrick/server.rb:92:in `start'
  D:/Ruby187/lib/ruby/1.8/webrick/server.rb:23:in `start'
  D:/Ruby187/lib/ruby/1.8/webrick/server.rb:82:in `start'
  -e:1:in `load'
  -e:1

Rendering rescues/layout (not_found)


Processing ProductsController#index (for 127.0.0.1 at 2014-05-20 15:32:55) [GET]
  [4;36;1mProduct Load (0.0ms)[0m   [0;1mSQLite3::SQLException: no such table: products: SELECT * FROM "products" [0m

ActiveRecord::StatementInvalid (SQLite3::SQLException: no such table: products: SELECT * FROM "products" ):
  app/controllers/products_controller.rb:5:in `index'
  D:/Ruby187/lib/ruby/1.8/webrick/httpserver.rb:104:in `service'
  D:/Ruby187/lib/ruby/1.8/webrick/httpserver.rb:65:in `run'
  D:/Ruby187/lib/ruby/1.8/webrick/server.rb:173:in `start_thread'
  D:/Ruby187/lib/ruby/1.8/webrick/server.rb:162:in `start'
  D:/Ruby187/lib/ruby/1.8/webrick/server.rb:162:in `start_thread'
  D:/Ruby187/lib/ruby/1.8/webrick/server.rb:95:in `start'
  D:/Ruby187/lib/ruby/1.8/webrick/server.rb:92:in `each'
  D:/Ruby187/lib/ruby/1.8/webrick/server.rb:92:in `start'
  D:/Ruby187/lib/ruby/1.8/webrick/server.rb:23:in `start'
  D:/Ruby187/lib/ruby/1.8/webrick/server.rb:82:in `start'
  -e:1:in `load'
  -e:1

Rendered rescues/_trace (81.0ms)
Rendered rescues/_request_and_response (2.0ms)
Rendering rescues/layout (internal_server_error)
  [4;36;1mSQL (1.0ms)[0m   [0;1m SELECT name
 FROM sqlite_master
 WHERE type = 'table' AND NOT name = 'sqlite_sequence'
[0m
  [4;35;1mSQL (2.0ms)[0m   [0mselect sqlite_version(*)[0m
  [4;36;1mSQL (4.0ms)[0m   [0;1mCREATE TABLE "schema_migrations" ("version" varchar(255) NOT NULL) [0m
  [4;35;1mSQL (0.0ms)[0m   [0mPRAGMA index_list("schema_migrations")[0m
  [4;36;1mSQL (3.0ms)[0m   [0;1mCREATE UNIQUE INDEX "unique_schema_migrations" ON "schema_migrations" ("version")[0m
  [4;35;1mSQL (0.0ms)[0m   [0m SELECT name
 FROM sqlite_master
 WHERE type = 'table' AND NOT name = 'sqlite_sequence'
[0m
  [4;36;1mSQL (0.0ms)[0m   [0;1mSELECT version FROM schema_migrations[0m
Migrating to CreateProducts (20140520072934)
  [4;35;1mSQL (1.0ms)[0m   [0mCREATE TABLE "products" ("id" INTEGER PRIMARY KEY AUTOINCREMENT NOT NULL, "title" varchar(255), "description" text, "image_url" varchar(255), "created_at" datetime, "updated_at" datetime) [0m
  [4;36;1mSQL (1.0ms)[0m   [0;1mINSERT INTO schema_migrations (version) VALUES ('20140520072934')[0m
  [4;35;1mSQL (1.0ms)[0m   [0m SELECT name
 FROM sqlite_master
 WHERE type = 'table' AND NOT name = 'sqlite_sequence'
[0m
  [4;36;1mSQL (0.0ms)[0m   [0;1mSELECT version FROM schema_migrations[0m
  [4;35;1mSQL (0.0ms)[0m   [0m SELECT name
 FROM sqlite_master
 WHERE type = 'table' AND NOT name = 'sqlite_sequence'
[0m
  [4;36;1mSQL (0.0ms)[0m   [0;1mPRAGMA index_list("products")[0m


Processing ProductsController#index (for 127.0.0.1 at 2014-05-20 16:00:35) [GET]
  [4;36;1mProduct Load (0.0ms)[0m   [0;1mSELECT * FROM "products" [0m
Rendering template within layouts/products
Rendering products/index
Completed in 29ms (View: 20, DB: 0) | 200 OK [http://localhost/products]


Processing ProductsController#new (for 127.0.0.1 at 2014-05-20 16:00:37) [GET]
Rendering template within layouts/products
Rendering products/new
Completed in 6739ms (View: 6728, DB: 0) | 200 OK [http://localhost/products/new]


Processing ProductsController#create (for 127.0.0.1 at 2014-05-20 16:01:35) [POST]
  Parameters: {"product"=>{"title"=>"test", "image_url"=>"", "description"=>"testwetqwetwq"}, "authenticity_token"=>"icVaRErHKqXjqnkiZf/zbUe0tM8yvz41/ITHn0jQbpM=", "commit"=>"Create"}
  [4;35;1mProduct Create (1.0ms)[0m   [0mINSERT INTO "products" ("title", "created_at", "updated_at", "description", "image_url") VALUES('test', '2014-05-20 08:01:35', '2014-05-20 08:01:35', 'testwetqwetwq', '')[0m
Redirected to http://localhost:3000/products/1
Completed in 52ms (DB: 1) | 302 Found [http://localhost/products]


Processing ProductsController#show (for 127.0.0.1 at 2014-05-20 16:01:35) [GET]
  Parameters: {"id"=>"1"}
  [4;36;1mProduct Load (0.0ms)[0m   [0;1mSELECT * FROM "products" WHERE ("products"."id" = 1) [0m
Rendering template within layouts/products
Rendering products/show
Completed in 20ms (View: 11, DB: 0) | 200 OK [http://localhost/products/1]


Processing ProductsController#index (for 127.0.0.1 at 2014-05-20 16:01:42) [GET]
  [4;35;1mProduct Load (1.0ms)[0m   [0mSELECT * FROM "products" [0m
Rendering template within layouts/products
Rendering products/index
Completed in 21ms (View: 11, DB: 1) | 200 OK [http://localhost/products]


Processing ProductsController#index (for 127.0.0.1 at 2014-05-20 16:01:44) [GET]
  [4;36;1mProduct Load (1.0ms)[0m   [0;1mSELECT * FROM "products" [0m
Rendering template within layouts/products
Rendering products/index
Completed in 20ms (View: 9, DB: 1) | 200 OK [http://localhost/products]
  [4;36;1mSQL (1.0ms)[0m   [0;1m SELECT name
 FROM sqlite_master
 WHERE type = 'table' AND NOT name = 'sqlite_sequence'
[0m
  [4;35;1mSQL (1.0ms)[0m   [0mSELECT version FROM schema_migrations[0m
Migrating to CreateProducts (20140520072934)
Migrating to AddPriceToProduct (20140520080328)
  [4;36;1mSQL (0.0ms)[0m   [0;1mselect sqlite_version(*)[0m
  [4;35;1mSQL (2.0ms)[0m   [0mALTER TABLE "products" ADD "price" decimal(8,2) DEFAULT 0[0m
  [4;36;1mSQL (0.0ms)[0m   [0;1mINSERT INTO schema_migrations (version) VALUES ('20140520080328')[0m
  [4;35;1mSQL (0.0ms)[0m   [0m SELECT name
 FROM sqlite_master
 WHERE type = 'table' AND NOT name = 'sqlite_sequence'
[0m
  [4;36;1mSQL (0.0ms)[0m   [0;1mSELECT version FROM schema_migrations[0m
  [4;35;1mSQL (0.0ms)[0m   [0m SELECT name
 FROM sqlite_master
 WHERE type = 'table' AND NOT name = 'sqlite_sequence'
[0m
  [4;36;1mSQL (1.0ms)[0m   [0;1mPRAGMA index_list("products")[0m


Processing ProductsController#index (for 127.0.0.1 at 2014-05-20 16:10:47) [GET]
  [4;35;1mProduct Load (1.0ms)[0m   [0mSELECT * FROM "products" [0m
Rendering template within layouts/products
Rendering products/index
Completed in 26ms (View: 13, DB: 1) | 200 OK [http://localhost/products]


Processing ProductsController#edit (for 127.0.0.1 at 2014-05-20 16:10:49) [GET]
  Parameters: {"id"=>"1"}
  [4;36;1mProduct Load (0.0ms)[0m   [0;1mSELECT * FROM "products" WHERE ("products"."id" = 1) [0m
Rendering template within layouts/products
Rendering products/edit
Completed in 31ms (View: 21, DB: 0) | 200 OK [http://localhost/products/1/edit]


Processing ProductsController#update (for 127.0.0.1 at 2014-05-20 16:11:04) [PUT]
  Parameters: {"product"=>{"title"=>"test", "image_url"=>"", "description"=>"testwetqwetwq<h1>1111</h1>"}, "id"=>"1", "authenticity_token"=>"icVaRErHKqXjqnkiZf/zbUe0tM8yvz41/ITHn0jQbpM=", "commit"=>"Update"}
  [4;35;1mProduct Load (0.0ms)[0m   [0mSELECT * FROM "products" WHERE ("products"."id" = 1) [0m
  [4;36;1mProduct Update (1.0ms)[0m   [0;1mUPDATE "products" SET "description" = 'testwetqwetwq<h1>1111</h1>', "updated_at" = '2014-05-20 08:11:04' WHERE "id" = 1[0m
Redirected to http://localhost:3000/products/1
Completed in 22ms (DB: 1) | 302 Found [http://localhost/products/1]


Processing ProductsController#show (for 127.0.0.1 at 2014-05-20 16:11:05) [GET]
  Parameters: {"id"=>"1"}
  [4;35;1mProduct Load (0.0ms)[0m   [0mSELECT * FROM "products" WHERE ("products"."id" = 1) [0m
Rendering template within layouts/products
Rendering products/show
Completed in 26ms (View: 12, DB: 0) | 200 OK [http://localhost/products/1]


Processing ProductsController#index (for 127.0.0.1 at 2014-05-20 16:11:08) [GET]
  [4;36;1mProduct Load (0.0ms)[0m   [0;1mSELECT * FROM "products" [0m
Rendering template within layouts/products
Rendering products/index
Completed in 26ms (View: 12, DB: 0) | 200 OK [http://localhost/products]


Processing ProductsController#edit (for 127.0.0.1 at 2014-05-20 16:11:10) [GET]
  Parameters: {"id"=>"1"}
  [4;35;1mProduct Load (0.0ms)[0m   [0mSELECT * FROM "products" WHERE ("products"."id" = 1) [0m
Rendering template within layouts/products
Rendering products/edit
Completed in 23ms (View: 15, DB: 0) | 200 OK [http://localhost/products/1/edit]


Processing ProductsController#index (for 127.0.0.1 at 2014-05-20 16:11:38) [GET]
  [4;36;1mProduct Load (1.0ms)[0m   [0;1mSELECT * FROM "products" [0m
Rendering template within layouts/products
Rendering products/index
Completed in 65ms (View: 8, DB: 1) | 200 OK [http://localhost/products]


Processing ProductsController#edit (for 127.0.0.1 at 2014-05-20 16:11:40) [GET]
  Parameters: {"id"=>"1"}
  [4;35;1mProduct Load (1.0ms)[0m   [0mSELECT * FROM "products" WHERE ("products"."id" = 1) [0m
Rendering template within layouts/products
Rendering products/edit
Completed in 31ms (View: 21, DB: 1) | 200 OK [http://localhost/products/1/edit]


Processing ProductsController#update (for 127.0.0.1 at 2014-05-20 16:11:47) [PUT]
  Parameters: {"product"=>{"title"=>"test", "price"=>"23.16", "image_url"=>"", "description"=>"testwetqwetwq<h1>1111</h1>"}, "id"=>"1", "authenticity_token"=>"icVaRErHKqXjqnkiZf/zbUe0tM8yvz41/ITHn0jQbpM=", "commit"=>"Update"}
  [4;36;1mProduct Load (1.0ms)[0m   [0;1mSELECT * FROM "products" WHERE ("products"."id" = 1) [0m
  [4;35;1mProduct Update (1.0ms)[0m   [0mUPDATE "products" SET "price" = 23.16, "updated_at" = '2014-05-20 08:11:47' WHERE "id" = 1[0m
Redirected to http://localhost:3000/products/1
Completed in 21ms (DB: 2) | 302 Found [http://localhost/products/1]


Processing ProductsController#show (for 127.0.0.1 at 2014-05-20 16:11:47) [GET]
  Parameters: {"id"=>"1"}
  [4;36;1mProduct Load (0.0ms)[0m   [0;1mSELECT * FROM "products" WHERE ("products"."id" = 1) [0m
Rendering template within layouts/products
Rendering products/show
Completed in 19ms (View: 6, DB: 0) | 200 OK [http://localhost/products/1]


Processing ProductsController#index (for 127.0.0.1 at 2014-05-20 16:11:51) [GET]
  [4;35;1mProduct Load (0.0ms)[0m   [0mSELECT * FROM "products" [0m
Rendering template within layouts/products
Rendering products/index
Completed in 24ms (View: 12, DB: 0) | 200 OK [http://localhost/products]


Processing ProductsController#show (for 127.0.0.1 at 2014-05-20 16:12:07) [GET]
  Parameters: {"id"=>"1"}
  [4;36;1mProduct Load (0.0ms)[0m   [0;1mSELECT * FROM "products" WHERE ("products"."id" = 1) [0m
Rendering template within layouts/products
Rendering products/show
Completed in 18ms (View: 5, DB: 0) | 200 OK [http://localhost/products/1]


Processing ProductsController#show (for 127.0.0.1 at 2014-05-20 16:12:20) [GET]
  Parameters: {"id"=>"1"}
  [4;35;1mProduct Load (0.0ms)[0m   [0mSELECT * FROM "products" WHERE ("products"."id" = 1) [0m
Rendering template within layouts/products
Rendering products/show
Completed in 22ms (View: 10, DB: 0) | 200 OK [http://localhost/products/1]


Processing ProductsController#show (for 127.0.0.1 at 2014-05-20 16:12:21) [GET]
  Parameters: {"id"=>"1"}
  [4;36;1mProduct Load (0.0ms)[0m   [0;1mSELECT * FROM "products" WHERE ("products"."id" = 1) [0m
Rendering template within layouts/products
Rendering products/show
Completed in 14ms (View: 5, DB: 0) | 200 OK [http://localhost/products/1]


Processing ProductsController#show (for 127.0.0.1 at 2014-05-20 16:12:21) [GET]
  Parameters: {"id"=>"1"}
  [4;35;1mProduct Load (0.0ms)[0m   [0mSELECT * FROM "products" WHERE ("products"."id" = 1) [0m
Rendering template within layouts/products
Rendering products/show
Completed in 14ms (View: 5, DB: 0) | 200 OK [http://localhost/products/1]


Processing ProductsController#show (for 127.0.0.1 at 2014-05-20 16:12:21) [GET]
  Parameters: {"id"=>"1"}
  [4;36;1mProduct Load (0.0ms)[0m   [0;1mSELECT * FROM "products" WHERE ("products"."id" = 1) [0m
Rendering template within layouts/products
Rendering products/show
Completed in 17ms (View: 4, DB: 0) | 200 OK [http://localhost/products/1]


Processing ProductsController#show (for 127.0.0.1 at 2014-05-20 16:12:22) [GET]
  Parameters: {"id"=>"1"}
  [4;35;1mProduct Load (1.0ms)[0m   [0mSELECT * FROM "products" WHERE ("products"."id" = 1) [0m
Rendering template within layouts/products
Rendering products/show
Completed in 13ms (View: 4, DB: 1) | 200 OK [http://localhost/products/1]


Processing ProductsController#show (for 127.0.0.1 at 2014-05-20 16:12:22) [GET]
  Parameters: {"id"=>"1"}
  [4;36;1mProduct Load (1.0ms)[0m   [0;1mSELECT * FROM "products" WHERE ("products"."id" = 1) [0m
Rendering template within layouts/products
Rendering products/show
Completed in 19ms (View: 8, DB: 1) | 200 OK [http://localhost/products/1]


Processing ProductsController#show (for 127.0.0.1 at 2014-05-20 16:12:22) [GET]
  Parameters: {"id"=>"1"}
  [4;35;1mProduct Load (1.0ms)[0m   [0mSELECT * FROM "products" WHERE ("products"."id" = 1) [0m
Rendering template within layouts/products
Rendering products/show
Completed in 16ms (View: 5, DB: 1) | 200 OK [http://localhost/products/1]


Processing ProductsController#index (for 127.0.0.1 at 2014-05-20 16:57:54) [GET]
  [4;36;1mProduct Load (0.0ms)[0m   [0;1mSELECT * FROM "products" [0m
Rendering template within layouts/products
Rendering products/index
Completed in 14ms (View: 7, DB: 0) | 200 OK [http://localhost/products]


Processing ProductsController#new (for 127.0.0.1 at 2014-05-20 16:57:55) [GET]
Rendering template within layouts/products
Rendering products/new
Completed in 24ms (View: 16, DB: 0) | 200 OK [http://localhost/products/new]


Processing ProductsController#create (for 127.0.0.1 at 2014-05-20 16:57:56) [POST]
  Parameters: {"product"=>{"title"=>"", "price"=>"0.0", "image_url"=>"", "description"=>""}, "authenticity_token"=>"icVaRErHKqXjqnkiZf/zbUe0tM8yvz41/ITHn0jQbpM=", "commit"=>"Create"}
Rendering template within layouts/products
Rendering products/new
Completed in 33ms (View: 18, DB: 0) | 200 OK [http://localhost/products]


Processing ProductsController#create (for 127.0.0.1 at 2014-05-20 17:04:42) [POST]
  Parameters: {"product"=>{"title"=>"", "price"=>"0.0", "image_url"=>"", "description"=>""}, "authenticity_token"=>"icVaRErHKqXjqnkiZf/zbUe0tM8yvz41/ITHn0jQbpM=", "commit"=>"Create"}
Rendering template within layouts/products
Rendering products/new
Completed in 27ms (View: 19, DB: 0) | 200 OK [http://localhost/products]


Processing ProductsController#create (for 127.0.0.1 at 2014-05-20 17:04:45) [POST]
  Parameters: {"product"=>{"title"=>"", "price"=>"0.0", "image_url"=>"", "description"=>""}, "authenticity_token"=>"icVaRErHKqXjqnkiZf/zbUe0tM8yvz41/ITHn0jQbpM=", "commit"=>"Create"}
Rendering template within layouts/products
Rendering products/new
Completed in 26ms (View: 17, DB: 0) | 200 OK [http://localhost/products]


Processing ProductsController#index (for 127.0.0.1 at 2014-05-20 17:04:55) [GET]
  [4;35;1mProduct Load (1.0ms)[0m   [0mSELECT * FROM "products" [0m
Rendering template within layouts/products
Rendering products/index
Completed in 13ms (View: 7, DB: 1) | 200 OK [http://localhost/products]


Processing ProductsController#new (for 127.0.0.1 at 2014-05-20 17:04:57) [GET]
Rendering template within layouts/products
Rendering products/new
Completed in 21ms (View: 10, DB: 0) | 200 OK [http://localhost/products/new]


Processing ProductsController#create (for 127.0.0.1 at 2014-05-20 17:04:59) [POST]
  Parameters: {"product"=>{"title"=>"", "price"=>"0.0", "image_url"=>"", "description"=>""}, "authenticity_token"=>"icVaRErHKqXjqnkiZf/zbUe0tM8yvz41/ITHn0jQbpM=", "commit"=>"Create"}
Rendering template within layouts/products
Rendering products/new
Completed in 65ms (View: 17, DB: 0) | 200 OK [http://localhost/products]


Processing ProductsController#create (for 127.0.0.1 at 2014-05-20 17:06:26) [POST]
  Parameters: {"product"=>{"title"=>"", "price"=>"0.0", "image_url"=>"", "description"=>""}, "authenticity_token"=>"icVaRErHKqXjqnkiZf/zbUe0tM8yvz41/ITHn0jQbpM=", "commit"=>"Create"}
Rendering template within layouts/products
Rendering products/new
Completed in 29ms (View: 18, DB: 0) | 200 OK [http://localhost/products]


Processing ProductsController#create (for 127.0.0.1 at 2014-05-20 17:06:32) [POST]
  Parameters: {"product"=>{"title"=>"", "price"=>"-1.0", "image_url"=>"", "description"=>""}, "authenticity_token"=>"icVaRErHKqXjqnkiZf/zbUe0tM8yvz41/ITHn0jQbpM=", "commit"=>"Create"}
Rendering template within layouts/products
Rendering products/new
Completed in 28ms (View: 16, DB: 0) | 200 OK [http://localhost/products]


Processing ProductsController#create (for 127.0.0.1 at 2014-05-20 17:06:38) [POST]
  Parameters: {"product"=>{"title"=>"234", "price"=>"-1.0", "image_url"=>"234234", "description"=>"23423"}, "authenticity_token"=>"icVaRErHKqXjqnkiZf/zbUe0tM8yvz41/ITHn0jQbpM=", "commit"=>"Create"}
  [4;36;1mProduct Create (1.0ms)[0m   [0;1mINSERT INTO "products" ("title", "created_at", "updated_at", "price", "description", "image_url") VALUES('234', '2014-05-20 09:06:38', '2014-05-20 09:06:38', -1.0, '23423', '234234')[0m
Redirected to http://localhost:3000/products/2
Completed in 18ms (DB: 1) | 302 Found [http://localhost/products]


Processing ProductsController#show (for 127.0.0.1 at 2014-05-20 17:06:38) [GET]
  Parameters: {"id"=>"2"}
  [4;35;1mProduct Load (0.0ms)[0m   [0mSELECT * FROM "products" WHERE ("products"."id" = 2) [0m
Rendering template within layouts/products
Rendering products/show
Completed in 11ms (View: 3, DB: 0) | 200 OK [http://localhost/products/2]


Processing ProductsController#index (for 127.0.0.1 at 2014-05-20 17:06:40) [GET]
  [4;36;1mProduct Load (0.0ms)[0m   [0;1mSELECT * FROM "products" [0m
Rendering template within layouts/products
Rendering products/index
Completed in 18ms (View: 11, DB: 0) | 200 OK [http://localhost/products]


Processing ProductsController#index (for 127.0.0.1 at 2014-05-20 17:10:37) [GET]

SyntaxError (D:/work/learn/ruby/depot/app/models/product.rb:4: syntax error, unexpected ':', expecting kEND
  validate : price_must_be_at_least_a_cent
            ^):
  app/controllers/products_controller.rb:5:in `index'
  D:/Ruby187/lib/ruby/1.8/webrick/httpserver.rb:104:in `service'
  D:/Ruby187/lib/ruby/1.8/webrick/httpserver.rb:65:in `run'
  D:/Ruby187/lib/ruby/1.8/webrick/server.rb:173:in `start_thread'
  D:/Ruby187/lib/ruby/1.8/webrick/server.rb:162:in `start'
  D:/Ruby187/lib/ruby/1.8/webrick/server.rb:162:in `start_thread'
  D:/Ruby187/lib/ruby/1.8/webrick/server.rb:95:in `start'
  D:/Ruby187/lib/ruby/1.8/webrick/server.rb:92:in `each'
  D:/Ruby187/lib/ruby/1.8/webrick/server.rb:92:in `start'
  D:/Ruby187/lib/ruby/1.8/webrick/server.rb:23:in `start'
  D:/Ruby187/lib/ruby/1.8/webrick/server.rb:82:in `start'
  -e:1:in `load'
  -e:1

Rendered rescues/_trace (36.0ms)
Rendered rescues/_request_and_response (1.0ms)
Rendering rescues/layout (internal_server_error)


Processing ProductsController#index (for 127.0.0.1 at 2014-05-20 17:12:48) [GET]

SyntaxError (D:/work/learn/ruby/depot/app/models/product.rb:4: syntax error, unexpected ':', expecting kEND
  validate: price_must_be_at_least_a_cent
           ^):
  app/controllers/products_controller.rb:5:in `index'
  D:/Ruby187/lib/ruby/1.8/webrick/httpserver.rb:104:in `service'
  D:/Ruby187/lib/ruby/1.8/webrick/httpserver.rb:65:in `run'
  D:/Ruby187/lib/ruby/1.8/webrick/server.rb:173:in `start_thread'
  D:/Ruby187/lib/ruby/1.8/webrick/server.rb:162:in `start'
  D:/Ruby187/lib/ruby/1.8/webrick/server.rb:162:in `start_thread'
  D:/Ruby187/lib/ruby/1.8/webrick/server.rb:95:in `start'
  D:/Ruby187/lib/ruby/1.8/webrick/server.rb:92:in `each'
  D:/Ruby187/lib/ruby/1.8/webrick/server.rb:92:in `start'
  D:/Ruby187/lib/ruby/1.8/webrick/server.rb:23:in `start'
  D:/Ruby187/lib/ruby/1.8/webrick/server.rb:82:in `start'
  -e:1:in `load'
  -e:1

Rendered rescues/_trace (35.0ms)
Rendered rescues/_request_and_response (0.0ms)
Rendering rescues/layout (internal_server_error)


Processing ProductsController#index (for 127.0.0.1 at 2014-05-20 17:13:01) [GET]
  [4;35;1mProduct Load (1.0ms)[0m   [0mSELECT * FROM "products" [0m
Rendering template within layouts/products
Rendering products/index
Completed in 21ms (View: 10, DB: 1) | 200 OK [http://localhost/products]


Processing ProductsController#new (for 127.0.0.1 at 2014-05-20 17:13:03) [GET]
Rendering template within layouts/products
Rendering products/new
Completed in 92ms (View: 45, DB: 0) | 200 OK [http://localhost/products/new]


Processing ProductsController#create (for 127.0.0.1 at 2014-05-20 17:13:04) [POST]
  Parameters: {"product"=>{"title"=>"", "price"=>"0.0", "image_url"=>"", "description"=>""}, "authenticity_token"=>"icVaRErHKqXjqnkiZf/zbUe0tM8yvz41/ITHn0jQbpM=", "commit"=>"Create"}
Rendering template within layouts/products
Rendering products/new
Completed in 35ms (View: 23, DB: 0) | 200 OK [http://localhost/products]


Processing ProductsController#index (for 127.0.0.1 at 2014-05-20 17:17:32) [GET]
  [4;36;1mProduct Load (1.0ms)[0m   [0;1mSELECT * FROM "products" [0m
Rendering template within layouts/products
Rendering products/index
Completed in 34ms (View: 21, DB: 1) | 200 OK [http://localhost/products]


Processing ProductsController#new (for 127.0.0.1 at 2014-05-20 17:17:33) [GET]
Rendering template within layouts/products
Rendering products/new
Completed in 34ms (View: 21, DB: 0) | 200 OK [http://localhost/products/new]


Processing ProductsController#create (for 127.0.0.1 at 2014-05-20 17:17:40) [POST]
  Parameters: {"product"=>{"title"=>"te", "price"=>"1.0", "image_url"=>"11", "description"=>"ss"}, "authenticity_token"=>"icVaRErHKqXjqnkiZf/zbUe0tM8yvz41/ITHn0jQbpM=", "commit"=>"Create"}
  [4;35;1mProduct Load (0.0ms)[0m   [0mSELECT "products".id FROM "products" WHERE ("products"."price" = 1.0) LIMIT 1[0m
Rendering template within layouts/products
Rendering products/new
Completed in 47ms (View: 32, DB: 0) | 200 OK [http://localhost/products]


Processing ProductsController#create (for 127.0.0.1 at 2014-05-20 17:17:44) [POST]
  Parameters: {"product"=>{"title"=>"te", "price"=>"1.0", "image_url"=>"11", "description"=>"ss.gif"}, "authenticity_token"=>"icVaRErHKqXjqnkiZf/zbUe0tM8yvz41/ITHn0jQbpM=", "commit"=>"Create"}
  [4;36;1mProduct Load (0.0ms)[0m   [0;1mSELECT "products".id FROM "products" WHERE ("products"."price" = 1.0) LIMIT 1[0m
Rendering template within layouts/products
Rendering products/new
Completed in 35ms (View: 18, DB: 0) | 200 OK [http://localhost/products]


Processing ProductsController#create (for 127.0.0.1 at 2014-05-20 17:17:51) [POST]
  Parameters: {"product"=>{"title"=>"te", "price"=>"1.0", "image_url"=>"ss.gif", "description"=>"ss.gif"}, "authenticity_token"=>"icVaRErHKqXjqnkiZf/zbUe0tM8yvz41/ITHn0jQbpM=", "commit"=>"Create"}
  [4;35;1mProduct Load (1.0ms)[0m   [0mSELECT "products".id FROM "products" WHERE ("products"."price" = 1.0) LIMIT 1[0m
  [4;36;1mProduct Create (1.0ms)[0m   [0;1mINSERT INTO "products" ("title", "created_at", "updated_at", "price", "description", "image_url") VALUES('te', '2014-05-20 09:17:51', '2014-05-20 09:17:51', 1.0, 'ss.gif', 'ss.gif')[0m
Redirected to http://localhost:3000/products/3
Completed in 18ms (DB: 2) | 302 Found [http://localhost/products]


Processing ProductsController#show (for 127.0.0.1 at 2014-05-20 17:17:51) [GET]
  Parameters: {"id"=>"3"}
  [4;35;1mProduct Load (0.0ms)[0m   [0mSELECT * FROM "products" WHERE ("products"."id" = 3) [0m
Rendering template within layouts/products
Rendering products/show
Completed in 11ms (View: 3, DB: 0) | 200 OK [http://localhost/products/3]


Processing ProductsController#index (for 127.0.0.1 at 2014-05-20 17:17:53) [GET]
  [4;36;1mProduct Load (0.0ms)[0m   [0;1mSELECT * FROM "products" [0m
Rendering template within layouts/products
Rendering products/index
Completed in 25ms (View: 16, DB: 0) | 200 OK [http://localhost/products]


Processing ProductsController#index (for 127.0.0.1 at 2014-05-20 17:27:20) [GET]
  [4;35;1mProduct Load (1.0ms)[0m   [0mSELECT * FROM "products" [0m
Rendering template within layouts/products
Rendering products/index
Completed in 54ms (View: 39, DB: 1) | 200 OK [http://localhost/products]


Processing ProductsController#index (for 127.0.0.1 at 2014-05-20 17:27:22) [GET]
  [4;36;1mProduct Load (2.0ms)[0m   [0;1mSELECT * FROM "products" [0m
Rendering template within layouts/products
Rendering products/index
Completed in 37ms (View: 23, DB: 2) | 200 OK [http://localhost/products]


Processing ProductsController#index (for 127.0.0.1 at 2014-05-20 17:27:22) [GET]
  [4;35;1mProduct Load (1.0ms)[0m   [0mSELECT * FROM "products" [0m
Rendering template within layouts/products
Rendering products/index
Completed in 36ms (View: 22, DB: 1) | 200 OK [http://localhost/products]


Processing ProductsController#index (for 127.0.0.1 at 2014-05-20 17:27:22) [GET]
  [4;36;1mProduct Load (1.0ms)[0m   [0;1mSELECT * FROM "products" [0m
Rendering template within layouts/products
Rendering products/index
Completed in 48ms (View: 29, DB: 1) | 200 OK [http://localhost/products]


Processing ProductsController#index (for 127.0.0.1 at 2014-05-20 17:27:23) [GET]
  [4;35;1mProduct Load (1.0ms)[0m   [0mSELECT * FROM "products" [0m
Rendering template within layouts/products
Rendering products/index
Completed in 42ms (View: 26, DB: 1) | 200 OK [http://localhost/products]
  [4;36;1mSQL (1.0ms)[0m   [0;1m SELECT name
 FROM sqlite_master
 WHERE type = 'table' AND NOT name = 'sqlite_sequence'
[0m
  [4;35;1mSQL (0.0ms)[0m   [0mSELECT version FROM schema_migrations[0m
Migrating to CreateProducts (20140520072934)
Migrating to AddPriceToProduct (20140520080328)
Migrating to AddTestData (20140520092442)
  [4;36;1mSQL (0.0ms)[0m   [0;1mselect sqlite_version(*)[0m
  [4;35;1mProduct Delete all (2.0ms)[0m   [0mDELETE FROM "products" WHERE 1=1[0m
  [4;36;1mProduct Load (1.0ms)[0m   [0;1mSELECT "products".id FROM "products" WHERE ("products"."price" = 29.95) LIMIT 1[0m
  [4;35;1mProduct Load (0.0ms)[0m   [0mSELECT "products".id FROM "products" WHERE ("products"."price" = 28.5) LIMIT 1[0m
  [4;36;1mProduct Load (1.0ms)[0m   [0;1mSELECT "products".id FROM "products" WHERE ("products"."price" = 27.75) LIMIT 1[0m
  [4;35;1mSQL (0.0ms)[0m   [0mINSERT INTO schema_migrations (version) VALUES ('20140520092442')[0m
  [4;36;1mSQL (1.0ms)[0m   [0;1m SELECT name
 FROM sqlite_master
 WHERE type = 'table' AND NOT name = 'sqlite_sequence'
[0m
  [4;35;1mSQL (0.0ms)[0m   [0mSELECT version FROM schema_migrations[0m
  [4;36;1mSQL (0.0ms)[0m   [0;1m SELECT name
 FROM sqlite_master
 WHERE type = 'table' AND NOT name = 'sqlite_sequence'
[0m
  [4;35;1mSQL (0.0ms)[0m   [0mPRAGMA index_list("products")[0m


Processing ProductsController#index (for 127.0.0.1 at 2014-05-20 17:28:01) [GET]
  [4;36;1mProduct Load (0.0ms)[0m   [0;1mSELECT * FROM "products" [0m
Rendering template within layouts/products
Rendering products/index
Completed in 17ms (View: 3, DB: 0) | 200 OK [http://localhost/products]


Processing ProductsController#index (for 127.0.0.1 at 2014-05-20 17:28:02) [GET]
  [4;35;1mProduct Load (1.0ms)[0m   [0mSELECT * FROM "products" [0m
Rendering template within layouts/products
Rendering products/index
Completed in 22ms (View: 7, DB: 1) | 200 OK [http://localhost/products]


Processing ProductsController#index (for 127.0.0.1 at 2014-05-20 17:28:02) [GET]
  [4;36;1mProduct Load (0.0ms)[0m   [0;1mSELECT * FROM "products" [0m
Rendering template within layouts/products
Rendering products/index
Completed in 15ms (View: 4, DB: 0) | 200 OK [http://localhost/products]


Processing ProductsController#index (for 127.0.0.1 at 2014-05-20 17:28:02) [GET]
  [4;35;1mProduct Load (0.0ms)[0m   [0mSELECT * FROM "products" [0m
Rendering template within layouts/products
Rendering products/index
Completed in 21ms (View: 6, DB: 0) | 200 OK [http://localhost/products]


Processing ProductsController#index (for 127.0.0.1 at 2014-05-20 17:28:02) [GET]
  [4;36;1mProduct Load (0.0ms)[0m   [0;1mSELECT * FROM "products" [0m
Rendering template within layouts/products
Rendering products/index
Completed in 23ms (View: 7, DB: 0) | 200 OK [http://localhost/products]


Processing ProductsController#index (for 127.0.0.1 at 2014-05-20 17:28:02) [GET]
  [4;35;1mProduct Load (1.0ms)[0m   [0mSELECT * FROM "products" [0m
Rendering template within layouts/products
Rendering products/index
Completed in 15ms (View: 4, DB: 1) | 200 OK [http://localhost/products]


Processing ProductsController#index (for 127.0.0.1 at 2014-05-20 17:29:24) [GET]
  [4;36;1mProduct Load (1.0ms)[0m   [0;1mSELECT * FROM "products" [0m
Rendering template within layouts/products
Rendering products/index
Completed in 22ms (View: 11, DB: 1) | 200 OK [http://localhost/products]


Processing ProductsController#index (for 127.0.0.1 at 2014-05-20 17:30:26) [GET]
  [4;35;1mProduct Load (2.0ms)[0m   [0mSELECT * FROM "products" [0m
Rendering template within layouts/products
Rendering products/index
Completed in 32ms (View: 13, DB: 2) | 200 OK [http://localhost/products]


Processing ProductsController#index (for 127.0.0.1 at 2014-05-20 17:30:27) [GET]
  [4;36;1mProduct Load (0.0ms)[0m   [0;1mSELECT * FROM "products" [0m
Rendering template within layouts/products
Rendering products/index
Completed in 15ms (View: 6, DB: 0) | 200 OK [http://localhost/products]


Processing ProductsController#index (for 127.0.0.1 at 2014-05-20 17:30:27) [GET]
  [4;35;1mProduct Load (1.0ms)[0m   [0mSELECT * FROM "products" [0m
Rendering template within layouts/products
Rendering products/index
Completed in 19ms (View: 8, DB: 1) | 200 OK [http://localhost/products]


Processing ProductsController#index (for 127.0.0.1 at 2014-05-20 17:30:28) [GET]
  [4;36;1mProduct Load (1.0ms)[0m   [0;1mSELECT * FROM "products" [0m
Rendering template within layouts/products
Rendering products/index
Completed in 19ms (View: 6, DB: 1) | 200 OK [http://localhost/products]


Processing ProductsController#index (for 127.0.0.1 at 2014-05-20 17:30:28) [GET]
  [4;35;1mProduct Load (1.0ms)[0m   [0mSELECT * FROM "products" [0m
Rendering template within layouts/products
Rendering products/index
Completed in 21ms (View: 8, DB: 1) | 200 OK [http://localhost/products]


Processing ProductsController#index (for 127.0.0.1 at 2014-05-20 17:30:28) [GET]
  [4;36;1mProduct Load (0.0ms)[0m   [0;1mSELECT * FROM "products" [0m
Rendering template within layouts/products
Rendering products/index
Completed in 20ms (View: 5, DB: 0) | 200 OK [http://localhost/products]


Processing ProductsController#index (for 127.0.0.1 at 2014-05-20 17:30:29) [GET]
  [4;35;1mProduct Load (1.0ms)[0m   [0mSELECT * FROM "products" [0m
Rendering template within layouts/products
Rendering products/index
Completed in 24ms (View: 7, DB: 1) | 200 OK [http://localhost/products]


Processing ProductsController#index (for 127.0.0.1 at 2014-05-20 17:30:29) [GET]
  [4;36;1mProduct Load (0.0ms)[0m   [0;1mSELECT * FROM "products" [0m
Rendering template within layouts/products
Rendering products/index
Completed in 18ms (View: 5, DB: 0) | 200 OK [http://localhost/products]


Processing ProductsController#index (for 127.0.0.1 at 2014-05-20 17:30:29) [GET]
  [4;35;1mProduct Load (1.0ms)[0m   [0mSELECT * FROM "products" [0m
Rendering template within layouts/products
Rendering products/index
Completed in 17ms (View: 5, DB: 1) | 200 OK [http://localhost/products]


Processing ProductsController#new (for 127.0.0.1 at 2014-05-20 17:30:30) [GET]
Rendering template within layouts/products
Rendering products/new
Completed in 31ms (View: 20, DB: 0) | 200 OK [http://localhost/products/new]


Processing ProductsController#create (for 127.0.0.1 at 2014-05-20 17:30:32) [POST]
  Parameters: {"product"=>{"title"=>"", "price"=>"0.0", "image_url"=>"", "description"=>""}, "authenticity_token"=>"icVaRErHKqXjqnkiZf/zbUe0tM8yvz41/ITHn0jQbpM=", "commit"=>"Create"}
  [4;36;1mProduct Load (0.0ms)[0m   [0;1mSELECT "products".id FROM "products" WHERE ("products"."price" = 0.0) LIMIT 1[0m
Rendering template within layouts/products
Rendering products/new
Completed in 47ms (View: 29, DB: 0) | 200 OK [http://localhost/products]


Processing ProductsController#index (for 127.0.0.1 at 2014-05-20 17:30:35) [GET]
  [4;35;1mProduct Load (0.0ms)[0m   [0mSELECT * FROM "products" [0m
Rendering template within layouts/products
Rendering products/index
Completed in 16ms (View: 4, DB: 0) | 200 OK [http://localhost/products]


Processing ProductsController#index (for 127.0.0.1 at 2014-05-20 17:36:11) [GET]
  [4;36;1mProduct Load (0.0ms)[0m   [0;1mSELECT * FROM "products" [0m
Rendering template within layouts/products
Rendering products/index
Completed in 45ms (View: 32, DB: 0) | 200 OK [http://localhost/products]


Processing ProductsController#index (for 127.0.0.1 at 2014-05-20 17:36:12) [GET]
  [4;35;1mProduct Load (5.0ms)[0m   [0mSELECT * FROM "products" [0m
Rendering template within layouts/products
Rendering products/index
Completed in 36ms (View: 5, DB: 5) | 200 OK [http://localhost/products]


Processing ProductsController#index (for 127.0.0.1 at 2014-05-20 17:36:12) [GET]
  [4;36;1mProduct Load (1.0ms)[0m   [0;1mSELECT * FROM "products" [0m
Rendering template within layouts/products
Rendering products/index
Completed in 24ms (View: 8, DB: 1) | 200 OK [http://localhost/products]


Processing ProductsController#index (for 127.0.0.1 at 2014-05-20 17:36:13) [GET]
  [4;35;1mProduct Load (0.0ms)[0m   [0mSELECT * FROM "products" [0m
Rendering template within layouts/products
Rendering products/index
Completed in 21ms (View: 6, DB: 0) | 200 OK [http://localhost/products]


Processing ProductsController#index (for 127.0.0.1 at 2014-05-20 17:36:13) [GET]
  [4;36;1mProduct Load (1.0ms)[0m   [0;1mSELECT * FROM "products" [0m
Rendering template within layouts/products
Rendering products/index
Completed in 25ms (View: 8, DB: 1) | 200 OK [http://localhost/products]


Processing ProductsController#index (for 127.0.0.1 at 2014-05-20 17:36:13) [GET]
  [4;35;1mProduct Load (1.0ms)[0m   [0mSELECT * FROM "products" [0m
Rendering template within layouts/products
Rendering products/index
Completed in 22ms (View: 9, DB: 1) | 200 OK [http://localhost/products]
  [4;36;1mSQL (2.0ms)[0m   [0;1m SELECT name
 FROM sqlite_master
 WHERE type = 'table' AND NOT name = 'sqlite_sequence'
[0m
  [4;35;1mSQL (1.0ms)[0m   [0mSELECT version FROM schema_migrations[0m
Migrating to CreateProducts (20140520072934)
Migrating to AddPriceToProduct (20140520080328)
Migrating to AddTestData (20140520092442)
  [4;36;1mSQL (0.0ms)[0m   [0;1mselect sqlite_version(*)[0m
  [4;35;1mSQL (0.0ms)[0m   [0m SELECT name
 FROM sqlite_master
 WHERE type = 'table' AND NOT name = 'sqlite_sequence'
[0m
  [4;36;1mSQL (0.0ms)[0m   [0;1mSELECT version FROM schema_migrations[0m
  [4;35;1mSQL (0.0ms)[0m   [0m SELECT name
 FROM sqlite_master
 WHERE type = 'table' AND NOT name = 'sqlite_sequence'
[0m
  [4;36;1mSQL (1.0ms)[0m   [0;1mPRAGMA index_list("products")[0m


Processing ProductsController#index (for 127.0.0.1 at 2014-05-20 17:36:28) [GET]
  [4;36;1mProduct Load (1.0ms)[0m   [0;1mSELECT * FROM "products" [0m
Rendering template within layouts/products
Rendering products/index
Completed in 23ms (View: 5, DB: 1) | 200 OK [http://localhost/products]


Processing ProductsController#index (for 127.0.0.1 at 2014-05-20 17:36:29) [GET]
  [4;35;1mProduct Load (0.0ms)[0m   [0mSELECT * FROM "products" [0m
Rendering template within layouts/products
Rendering products/index
Completed in 20ms (View: 6, DB: 0) | 200 OK [http://localhost/products]


Processing ProductsController#index (for 127.0.0.1 at 2014-05-20 17:36:29) [GET]
  [4;36;1mProduct Load (1.0ms)[0m   [0;1mSELECT * FROM "products" [0m
Rendering template within layouts/products
Rendering products/index
Completed in 29ms (View: 7, DB: 1) | 200 OK [http://localhost/products]


Processing ProductsController#index (for 127.0.0.1 at 2014-05-20 17:36:29) [GET]
  [4;35;1mProduct Load (1.0ms)[0m   [0mSELECT * FROM "products" [0m
Rendering template within layouts/products
Rendering products/index
Completed in 20ms (View: 7, DB: 1) | 200 OK [http://localhost/products]


Processing ProductsController#index (for 127.0.0.1 at 2014-05-20 17:36:29) [GET]
  [4;36;1mProduct Load (1.0ms)[0m   [0;1mSELECT * FROM "products" [0m
Rendering template within layouts/products
Rendering products/index
Completed in 22ms (View: 4, DB: 1) | 200 OK [http://localhost/products]


Processing ProductsController#index (for 127.0.0.1 at 2014-05-20 17:36:30) [GET]
  [4;35;1mProduct Load (1.0ms)[0m   [0mSELECT * FROM "products" [0m
Rendering template within layouts/products
Rendering products/index
Completed in 26ms (View: 9, DB: 1) | 200 OK [http://localhost/products]


Processing ProductsController#index (for 127.0.0.1 at 2014-05-20 17:36:30) [GET]
  [4;36;1mProduct Load (1.0ms)[0m   [0;1mSELECT * FROM "products" [0m
Rendering template within layouts/products
Rendering products/index
Completed in 16ms (View: 4, DB: 1) | 200 OK [http://localhost/products]


Processing ProductsController#index (for 127.0.0.1 at 2014-05-20 17:36:30) [GET]
  [4;35;1mProduct Load (1.0ms)[0m   [0mSELECT * FROM "products" [0m
Rendering template within layouts/products
Rendering products/index
Completed in 27ms (View: 8, DB: 1) | 200 OK [http://localhost/products]
  [4;36;1mSQL (0.0ms)[0m   [0;1m SELECT name
 FROM sqlite_master
 WHERE type = 'table' AND NOT name = 'sqlite_sequence'
[0m
  [4;35;1mSQL (0.0ms)[0m   [0mSELECT version FROM schema_migrations[0m
Migrating to CreateProducts (20140520072934)
Migrating to AddPriceToProduct (20140520080328)
Migrating to AddTestData (20140520092442)
  [4;36;1mSQL (0.0ms)[0m   [0;1mselect sqlite_version(*)[0m
  [4;35;1mSQL (1.0ms)[0m   [0m SELECT name
 FROM sqlite_master
 WHERE type = 'table' AND NOT name = 'sqlite_sequence'
[0m
  [4;36;1mSQL (0.0ms)[0m   [0;1mSELECT version FROM schema_migrations[0m
  [4;35;1mSQL (0.0ms)[0m   [0m SELECT name
 FROM sqlite_master
 WHERE type = 'table' AND NOT name = 'sqlite_sequence'
[0m
  [4;36;1mSQL (0.0ms)[0m   [0;1mPRAGMA index_list("products")[0m


Processing ProductsController#index (for 127.0.0.1 at 2014-05-20 17:45:54) [GET]
  [4;36;1mProduct Load (1.0ms)[0m   [0;1mSELECT * FROM "products" [0m
Rendering template within layouts/products
Rendering products/index
Completed in 12ms (View: 3, DB: 1) | 200 OK [http://localhost/products]
  [4;36;1mSQL (1.0ms)[0m   [0;1m SELECT name
 FROM sqlite_master
 WHERE type = 'table' AND NOT name = 'sqlite_sequence'
[0m
  [4;35;1mSQL (0.0ms)[0m   [0mSELECT version FROM schema_migrations[0m
Migrating to AddTestData (20080601000003)
  [4;36;1mSQL (0.0ms)[0m   [0;1mselect sqlite_version(*)[0m
  [4;35;1mProduct Delete all (0.0ms)[0m   [0mDELETE FROM "products" WHERE 1=1[0m
  [4;36;1mProduct Load (0.0ms)[0m   [0;1mSELECT "products".id FROM "products" WHERE ("products"."price" = 29.95) LIMIT 1[0m
  [4;35;1mProduct Load (0.0ms)[0m   [0mSELECT "products".id FROM "products" WHERE ("products"."price" = 28.5) LIMIT 1[0m
  [4;36;1mProduct Load (1.0ms)[0m   [0;1mSELECT "products".id FROM "products" WHERE ("products"."price" = 27.75) LIMIT 1[0m
  [4;35;1mSQL (2.0ms)[0m   [0mINSERT INTO schema_migrations (version) VALUES ('20080601000003')[0m
Migrating to CreateProducts (20140520072934)
Migrating to AddPriceToProduct (20140520080328)
  [4;36;1mSQL (1.0ms)[0m   [0;1m SELECT name
 FROM sqlite_master
 WHERE type = 'table' AND NOT name = 'sqlite_sequence'
[0m
  [4;35;1mSQL (0.0ms)[0m   [0mSELECT version FROM schema_migrations[0m
  [4;36;1mSQL (0.0ms)[0m   [0;1m SELECT name
 FROM sqlite_master
 WHERE type = 'table' AND NOT name = 'sqlite_sequence'
[0m
  [4;35;1mSQL (0.0ms)[0m   [0mPRAGMA index_list("products")[0m
  [4;36;1mSQL (0.0ms)[0m   [0;1m SELECT name
 FROM sqlite_master
 WHERE type = 'table' AND NOT name = 'sqlite_sequence'
[0m
  [4;35;1mSQL (1.0ms)[0m   [0mSELECT version FROM schema_migrations[0m
Migrating to AddTestData (20080601000003)
Migrating to CreateProducts (20140520072934)
Migrating to AddPriceToProduct (20140520080328)
  [4;36;1mSQL (0.0ms)[0m   [0;1mselect sqlite_version(*)[0m
  [4;35;1mSQL (0.0ms)[0m   [0m SELECT name
 FROM sqlite_master
 WHERE type = 'table' AND NOT name = 'sqlite_sequence'
[0m
  [4;36;1mSQL (0.0ms)[0m   [0;1mSELECT version FROM schema_migrations[0m
  [4;35;1mSQL (1.0ms)[0m   [0m SELECT name
 FROM sqlite_master
 WHERE type = 'table' AND NOT name = 'sqlite_sequence'
[0m
  [4;36;1mSQL (0.0ms)[0m   [0;1m SELECT name
 FROM sqlite_master
 WHERE type = 'table' AND NOT name = 'sqlite_sequence'
[0m
  [4;35;1mSQL (0.0ms)[0m   [0mSELECT version FROM "schema_migrations"[0m
  [4;36;1mSQL (1.0ms)[0m   [0;1m SELECT name
 FROM sqlite_master
 WHERE type = 'table' AND NOT name = 'sqlite_sequence'
[0m
  [4;35;1mSQL (0.0ms)[0m   [0mSELECT version FROM schema_migrations[0m
Migrating to AddTestData (20080601000003)
Migrating to CreateProducts (20140520072934)
Migrating to AddPriceToProduct (20140520080328)
  [4;36;1mSQL (0.0ms)[0m   [0;1mselect sqlite_version(*)[0m
  [4;35;1mSQL (0.0ms)[0m   [0m SELECT name
 FROM sqlite_master
 WHERE type = 'table' AND NOT name = 'sqlite_sequence'
[0m
  [4;36;1mSQL (1.0ms)[0m   [0;1mSELECT version FROM schema_migrations[0m
  [4;35;1mSQL (0.0ms)[0m   [0m SELECT name
 FROM sqlite_master
 WHERE type = 'table' AND NOT name = 'sqlite_sequence'
[0m
  [4;36;1mSQL (1.0ms)[0m   [0;1m SELECT name
 FROM sqlite_master
 WHERE type = 'table' AND NOT name = 'sqlite_sequence'
[0m
  [4;35;1mSQL (0.0ms)[0m   [0mSELECT version FROM schema_migrations[0m
  [4;36;1mSQL (0.0ms)[0m   [0;1m SELECT name
 FROM sqlite_master
 WHERE type = 'table' AND NOT name = 'sqlite_sequence'
[0m
  [4;35;1mSQL (0.0ms)[0m   [0mselect sqlite_version(*)[0m
  [4;36;1mSQL (4.0ms)[0m   [0;1mCREATE TABLE "schema_migrations" ("version" varchar(255) NOT NULL) [0m
  [4;35;1mSQL (0.0ms)[0m   [0mPRAGMA index_list("schema_migrations")[0m
  [4;36;1mSQL (3.0ms)[0m   [0;1mCREATE UNIQUE INDEX "unique_schema_migrations" ON "schema_migrations" ("version")[0m
  [4;35;1mSQL (0.0ms)[0m   [0m SELECT name
 FROM sqlite_master
 WHERE type = 'table' AND NOT name = 'sqlite_sequence'
[0m
  [4;36;1mSQL (0.0ms)[0m   [0;1mSELECT version FROM schema_migrations[0m
Migrating to CreateProducts (20140520072934)
  [4;35;1mSQL (2.0ms)[0m   [0mCREATE TABLE "products" ("id" INTEGER PRIMARY KEY AUTOINCREMENT NOT NULL, "title" varchar(255), "description" text, "image_url" varchar(255), "created_at" datetime, "updated_at" datetime) [0m
  [4;36;1mSQL (1.0ms)[0m   [0;1mINSERT INTO schema_migrations (version) VALUES ('20140520072934')[0m
Migrating to AddPriceToProduct (20140520080328)
  [4;35;1mSQL (1.0ms)[0m   [0mALTER TABLE "products" ADD "price" decimal(8,2) DEFAULT 0[0m
  [4;36;1mSQL (0.0ms)[0m   [0;1mINSERT INTO schema_migrations (version) VALUES ('20140520080328')[0m
Migrating to AddTestData (20140520092442)
  [4;35;1mProduct Delete all (0.0ms)[0m   [0mDELETE FROM "products" WHERE 1=1[0m
  [4;36;1mProduct Load (0.0ms)[0m   [0;1mSELECT "products".id FROM "products" WHERE ("products"."price" = 29.95) LIMIT 1[0m
  [4;35;1mProduct Load (0.0ms)[0m   [0mSELECT "products".id FROM "products" WHERE ("products"."price" = 28.5) LIMIT 1[0m
  [4;36;1mProduct Load (0.0ms)[0m   [0;1mSELECT "products".id FROM "products" WHERE ("products"."price" = 27.75) LIMIT 1[0m
  [4;35;1mSQL (1.0ms)[0m   [0mINSERT INTO schema_migrations (version) VALUES ('20140520092442')[0m
  [4;36;1mSQL (1.0ms)[0m   [0;1m SELECT name
 FROM sqlite_master
 WHERE type = 'table' AND NOT name = 'sqlite_sequence'
[0m
  [4;35;1mSQL (0.0ms)[0m   [0mSELECT version FROM schema_migrations[0m
  [4;36;1mSQL (0.0ms)[0m   [0;1m SELECT name
 FROM sqlite_master
 WHERE type = 'table' AND NOT name = 'sqlite_sequence'
[0m
  [4;35;1mSQL (0.0ms)[0m   [0mPRAGMA index_list("products")[0m


Processing ProductsController#index (for 127.0.0.1 at 2014-05-20 18:05:17) [GET]
  [4;36;1mProduct Load (1.0ms)[0m   [0;1mSELECT * FROM "products" [0m
Rendering template within layouts/products
Rendering products/index
Completed in 30ms (View: 19, DB: 1) | 200 OK [http://localhost/products]


Processing ProductsController#new (for 127.0.0.1 at 2014-05-20 18:05:19) [GET]
Rendering template within layouts/products
Rendering products/new
Completed in 25ms (View: 18, DB: 0) | 200 OK [http://localhost/products/new]


Processing ProductsController#create (for 127.0.0.1 at 2014-05-20 18:05:45) [POST]
  Parameters: {"commit"=>"Create", "authenticity_token"=>"icVaRErHKqXjqnkiZf/zbUe0tM8yvz41/ITHn0jQbpM=", "product"=>{"image_url"=>"/images/auto.jpg", "title"=>"Pragmatic Project Automation", "price"=>"29.95", "description"=>" %{<p>\r\n       <em>Pragmatic Project Automation</em> shows you how to improve the \r\n       consistency and repeatability of your project's procedures using \r\n       automation to reduce risk and errors.\r\n      </p>\r\n      <p>\r\n        Simply put, we're going to put this thing called a computer to work \r\n        for you doing the mundane (but important) project stuff. That means \r\n        you'll have more time and energy to do the really \r\n        exciting---and difficult---stuff, like writing quality code.\r\n      </p>}"}}
  [4;35;1mProduct Load (0.0ms)[0m   [0mSELECT "products".id FROM "products" WHERE ("products"."price" = 29.95) LIMIT 1[0m
Rendering template within layouts/products
Rendering products/new
Completed in 75ms (View: 17, DB: 0) | 200 OK [http://localhost/products]


Processing ProductsController#create (for 127.0.0.1 at 2014-05-20 18:06:01) [POST]
  Parameters: {"commit"=>"Create", "authenticity_token"=>"icVaRErHKqXjqnkiZf/zbUe0tM8yvz41/ITHn0jQbpM=", "product"=>{"image_url"=>"/images/auto.gif", "title"=>"Pragmatic Project Automation", "price"=>"29.95", "description"=>" %{<p>\r\n       <em>Pragmatic Project Automation</em> shows you how to improve the \r\n       consistency and repeatability of your project's procedures using \r\n       automation to reduce risk and errors.\r\n      </p>\r\n      <p>\r\n        Simply put, we're going to put this thing called a computer to work \r\n        for you doing the mundane (but important) project stuff. That means \r\n        you'll have more time and energy to do the really \r\n        exciting---and difficult---stuff, like writing quality code.\r\n      </p>}"}}
  [4;36;1mProduct Load (0.0ms)[0m   [0;1mSELECT "products".id FROM "products" WHERE ("products"."price" = 29.95) LIMIT 1[0m
  [4;35;1mProduct Create (1.0ms)[0m   [0mINSERT INTO "products" ("image_url", "title", "updated_at", "price", "description", "created_at") VALUES('/images/auto.gif', 'Pragmatic Project Automation', '2014-05-20 10:06:01', 29.95, ' %{<p>
 <em>Pragmatic Project Automation</em> shows you how to improve the 
 consistency and repeatability of your project''s procedures using 
 automation to reduce risk and errors.
 </p>
 <p>
 Simply put, we''re going to put this thing called a computer to work 
 for you doing the mundane (but important) project stuff. That means 
 you''ll have more time and energy to do the really 
 exciting---and difficult---stuff, like writing quality code.
 </p>}', '2014-05-20 10:06:01')[0m
Redirected to http://localhost:3000/products/1
Completed in 18ms (DB: 1) | 302 Found [http://localhost/products]


Processing ProductsController#show (for 127.0.0.1 at 2014-05-20 18:06:01) [GET]
  Parameters: {"id"=>"1"}
  [4;36;1mProduct Load (0.0ms)[0m   [0;1mSELECT * FROM "products" WHERE ("products"."id" = 1) [0m
Rendering template within layouts/products
Rendering products/show
Completed in 19ms (View: 10, DB: 0) | 200 OK [http://localhost/products/1]


Processing ProductsController#index (for 127.0.0.1 at 2014-05-20 18:06:05) [GET]
  [4;35;1mProduct Load (0.0ms)[0m   [0mSELECT * FROM "products" [0m
Rendering template within layouts/products
Rendering products/index
Completed in 16ms (View: 8, DB: 0) | 200 OK [http://localhost/products]


Processing ApplicationController#index (for 127.0.0.1 at 2014-05-20 18:06:05) [GET]

ActionController::RoutingError (No route matches "/images/auto.gif" with {:method=>:get}):
  D:/Ruby187/lib/ruby/1.8/webrick/httpserver.rb:104:in `service'
  D:/Ruby187/lib/ruby/1.8/webrick/httpserver.rb:65:in `run'
  D:/Ruby187/lib/ruby/1.8/webrick/server.rb:173:in `start_thread'
  D:/Ruby187/lib/ruby/1.8/webrick/server.rb:162:in `start'
  D:/Ruby187/lib/ruby/1.8/webrick/server.rb:162:in `start_thread'
  D:/Ruby187/lib/ruby/1.8/webrick/server.rb:95:in `start'
  D:/Ruby187/lib/ruby/1.8/webrick/server.rb:92:in `each'
  D:/Ruby187/lib/ruby/1.8/webrick/server.rb:92:in `start'
  D:/Ruby187/lib/ruby/1.8/webrick/server.rb:23:in `start'
  D:/Ruby187/lib/ruby/1.8/webrick/server.rb:82:in `start'
  -e:1:in `load'
  -e:1

Rendering rescues/layout (not_found)


Processing ProductsController#index (for 127.0.0.1 at 2014-05-20 18:06:05) [GET]
  [4;36;1mProduct Load (1.0ms)[0m   [0;1mSELECT * FROM "products" [0m
Rendering template within layouts/products
Rendering products/index
Completed in 22ms (View: 12, DB: 1) | 200 OK [http://localhost/products]


Processing ApplicationController#index (for 127.0.0.1 at 2014-05-20 18:06:06) [GET]

ActionController::RoutingError (No route matches "/images/auto.gif" with {:method=>:get}):
  D:/Ruby187/lib/ruby/1.8/webrick/httpserver.rb:104:in `service'
  D:/Ruby187/lib/ruby/1.8/webrick/httpserver.rb:65:in `run'
  D:/Ruby187/lib/ruby/1.8/webrick/server.rb:173:in `start_thread'
  D:/Ruby187/lib/ruby/1.8/webrick/server.rb:162:in `start'
  D:/Ruby187/lib/ruby/1.8/webrick/server.rb:162:in `start_thread'
  D:/Ruby187/lib/ruby/1.8/webrick/server.rb:95:in `start'
  D:/Ruby187/lib/ruby/1.8/webrick/server.rb:92:in `each'
  D:/Ruby187/lib/ruby/1.8/webrick/server.rb:92:in `start'
  D:/Ruby187/lib/ruby/1.8/webrick/server.rb:23:in `start'
  D:/Ruby187/lib/ruby/1.8/webrick/server.rb:82:in `start'
  -e:1:in `load'
  -e:1

Rendering rescues/layout (not_found)


Processing ProductsController#edit (for 127.0.0.1 at 2014-05-20 18:06:10) [GET]
  Parameters: {"id"=>"1"}
  [4;35;1mProduct Load (0.0ms)[0m   [0mSELECT * FROM "products" WHERE ("products"."id" = 1) [0m
Rendering template within layouts/products
Rendering products/edit
Completed in 26ms (View: 18, DB: 0) | 200 OK [http://localhost/products/1/edit]


Processing ProductsController#update (for 127.0.0.1 at 2014-05-20 18:06:16) [PUT]
  Parameters: {"id"=>"1", "commit"=>"Update", "authenticity_token"=>"icVaRErHKqXjqnkiZf/zbUe0tM8yvz41/ITHn0jQbpM=", "product"=>{"image_url"=>"/images/auto.gif", "title"=>"Pragmatic Project Automation", "price"=>"29.95", "description"=>"<p>\r\n       <em>Pragmatic Project Automation</em> shows you how to improve the \r\n       consistency and repeatability of your project's procedures using \r\n       automation to reduce risk and errors.\r\n      </p>\r\n      <p>\r\n        Simply put, we're going to put this thing called a computer to work \r\n        for you doing the mundane (but important) project stuff. That means \r\n        you'll have more time and energy to do the really \r\n        exciting---and difficult---stuff, like writing quality code.\r\n      </p>"}}
  [4;36;1mProduct Load (0.0ms)[0m   [0;1mSELECT * FROM "products" WHERE ("products"."id" = 1) [0m
  [4;35;1mProduct Load (0.0ms)[0m   [0mSELECT "products".id FROM "products" WHERE ("products"."price" = 29.95 AND "products".id <> 1) LIMIT 1[0m
  [4;36;1mProduct Update (2.0ms)[0m   [0;1mUPDATE "products" SET "description" = '<p>
 <em>Pragmatic Project Automation</em> shows you how to improve the 
 consistency and repeatability of your project''s procedures using 
 automation to reduce risk and errors.
 </p>
 <p>
 Simply put, we''re going to put this thing called a computer to work 
 for you doing the mundane (but important) project stuff. That means 
 you''ll have more time and energy to do the really 
 exciting---and difficult---stuff, like writing quality code.
 </p>', "updated_at" = '2014-05-20 10:06:16' WHERE "id" = 1[0m
Redirected to http://localhost:3000/products/1
Completed in 24ms (DB: 2) | 302 Found [http://localhost/products/1]


Processing ProductsController#show (for 127.0.0.1 at 2014-05-20 18:06:16) [GET]
  Parameters: {"id"=>"1"}
  [4;35;1mProduct Load (0.0ms)[0m   [0mSELECT * FROM "products" WHERE ("products"."id" = 1) [0m
Rendering template within layouts/products
Rendering products/show
Completed in 13ms (View: 5, DB: 0) | 200 OK [http://localhost/products/1]


Processing ProductsController#index (for 127.0.0.1 at 2014-05-20 18:06:18) [GET]
  [4;36;1mProduct Load (1.0ms)[0m   [0;1mSELECT * FROM "products" [0m
Rendering template within layouts/products
Rendering products/index
Completed in 14ms (View: 7, DB: 1) | 200 OK [http://localhost/products]


Processing ApplicationController#index (for 127.0.0.1 at 2014-05-20 18:06:18) [GET]

ActionController::RoutingError (No route matches "/images/auto.gif" with {:method=>:get}):
  D:/Ruby187/lib/ruby/1.8/webrick/httpserver.rb:104:in `service'
  D:/Ruby187/lib/ruby/1.8/webrick/httpserver.rb:65:in `run'
  D:/Ruby187/lib/ruby/1.8/webrick/server.rb:173:in `start_thread'
  D:/Ruby187/lib/ruby/1.8/webrick/server.rb:162:in `start'
  D:/Ruby187/lib/ruby/1.8/webrick/server.rb:162:in `start_thread'
  D:/Ruby187/lib/ruby/1.8/webrick/server.rb:95:in `start'
  D:/Ruby187/lib/ruby/1.8/webrick/server.rb:92:in `each'
  D:/Ruby187/lib/ruby/1.8/webrick/server.rb:92:in `start'
  D:/Ruby187/lib/ruby/1.8/webrick/server.rb:23:in `start'
  D:/Ruby187/lib/ruby/1.8/webrick/server.rb:82:in `start'
  -e:1:in `load'
  -e:1

Rendering rescues/layout (not_found)


Processing ProductsController#edit (for 127.0.0.1 at 2014-05-20 18:06:24) [GET]
  Parameters: {"id"=>"1"}
  [4;35;1mProduct Load (0.0ms)[0m   [0mSELECT * FROM "products" WHERE ("products"."id" = 1) [0m
Rendering template within layouts/products
Rendering products/edit
Completed in 19ms (View: 13, DB: 0) | 200 OK [http://localhost/products/1/edit]


Processing ProductsController#update (for 127.0.0.1 at 2014-05-20 18:06:52) [PUT]
  Parameters: {"id"=>"1", "commit"=>"Update", "authenticity_token"=>"icVaRErHKqXjqnkiZf/zbUe0tM8yvz41/ITHn0jQbpM=", "product"=>{"image_url"=>"/images/auto.jpg", "title"=>"Pragmatic Project Automation", "price"=>"29.95", "description"=>"<p>\r\n       <em>Pragmatic Project Automation</em> shows you how to improve the \r\n       consistency and repeatability of your project's procedures using \r\n       automation to reduce risk and errors.\r\n      </p>\r\n      <p>\r\n        Simply put, we're going to put this thing called a computer to work \r\n        for you doing the mundane (but important) project stuff. That means \r\n        you'll have more time and energy to do the really \r\n        exciting---and difficult---stuff, like writing quality code.\r\n      </p>"}}
  [4;36;1mProduct Load (1.0ms)[0m   [0;1mSELECT * FROM "products" WHERE ("products"."id" = 1) [0m
  [4;35;1mProduct Load (0.0ms)[0m   [0mSELECT "products".id FROM "products" WHERE ("products"."price" = 29.95 AND "products".id <> 1) LIMIT 1[0m
  [4;36;1mProduct Update (1.0ms)[0m   [0;1mUPDATE "products" SET "image_url" = '/images/auto.jpg', "updated_at" = '2014-05-20 10:06:52' WHERE "id" = 1[0m
Redirected to http://localhost:3000/products/1
Completed in 18ms (DB: 2) | 302 Found [http://localhost/products/1]


Processing ProductsController#show (for 127.0.0.1 at 2014-05-20 18:06:52) [GET]
  Parameters: {"id"=>"1"}
  [4;35;1mProduct Load (0.0ms)[0m   [0mSELECT * FROM "products" WHERE ("products"."id" = 1) [0m
Rendering template within layouts/products
Rendering products/show
Completed in 15ms (View: 6, DB: 0) | 200 OK [http://localhost/products/1]


Processing ProductsController#index (for 127.0.0.1 at 2014-05-20 18:06:53) [GET]
  [4;36;1mProduct Load (1.0ms)[0m   [0;1mSELECT * FROM "products" [0m
Rendering template within layouts/products
Rendering products/index
Completed in 17ms (View: 7, DB: 1) | 200 OK [http://localhost/products]


Processing ProductsController#index (for 127.0.0.1 at 2014-05-20 18:07:40) [GET]
  [4;35;1mProduct Load (1.0ms)[0m   [0mSELECT * FROM "products" [0m
Rendering template within layouts/products
Rendering products/index
Completed in 20ms (View: 14, DB: 1) | 200 OK [http://localhost/products]


Processing ProductsController#index (for 127.0.0.1 at 2014-05-20 18:07:41) [GET]
  [4;36;1mProduct Load (0.0ms)[0m   [0;1mSELECT * FROM "products" [0m
Rendering template within layouts/products
Rendering products/index
Completed in 19ms (View: 9, DB: 0) | 200 OK [http://localhost/products]


Processing ProductsController#index (for 127.0.0.1 at 2014-05-20 18:07:41) [GET]
  [4;35;1mProduct Load (1.0ms)[0m   [0mSELECT * FROM "products" [0m
Rendering template within layouts/products
Rendering products/index
Completed in 17ms (View: 6, DB: 1) | 200 OK [http://localhost/products]


Processing ProductsController#index (for 127.0.0.1 at 2014-05-20 18:07:42) [GET]
  [4;36;1mProduct Load (1.0ms)[0m   [0;1mSELECT * FROM "products" [0m
Rendering template within layouts/products
Rendering products/index
Completed in 32ms (View: 14, DB: 1) | 200 OK [http://localhost/products]


Processing ProductsController#index (for 127.0.0.1 at 2014-05-20 18:07:42) [GET]
  [4;35;1mProduct Load (1.0ms)[0m   [0mSELECT * FROM "products" [0m
Rendering template within layouts/products
Rendering products/index
Completed in 26ms (View: 14, DB: 1) | 200 OK [http://localhost/products]


Processing ProductsController#index (for 127.0.0.1 at 2014-05-20 18:07:42) [GET]
  [4;36;1mProduct Load (0.0ms)[0m   [0;1mSELECT * FROM "products" [0m
Rendering template within layouts/products
Rendering products/index
Completed in 20ms (View: 10, DB: 0) | 200 OK [http://localhost/products]


Processing ProductsController#index (for 127.0.0.1 at 2014-05-20 18:07:42) [GET]
  [4;35;1mProduct Load (1.0ms)[0m   [0mSELECT * FROM "products" [0m
Rendering template within layouts/products
Rendering products/index
Completed in 18ms (View: 8, DB: 1) | 200 OK [http://localhost/products]


Processing ProductsController#index (for 127.0.0.1 at 2014-05-20 18:07:42) [GET]
  [4;36;1mProduct Load (0.0ms)[0m   [0;1mSELECT * FROM "products" [0m
Rendering template within layouts/products
Rendering products/index
Completed in 20ms (View: 10, DB: 0) | 200 OK [http://localhost/products]


Processing ProductsController#index (for 127.0.0.1 at 2014-05-20 18:08:57) [GET]
  [4;35;1mProduct Load (1.0ms)[0m   [0mSELECT * FROM "products" [0m
Rendering template within layouts/products
Rendering products/index
Completed in 34ms (View: 22, DB: 1) | 200 OK [http://localhost/products]


Processing ProductsController#index (for 127.0.0.1 at 2014-05-20 18:08:59) [GET]
  [4;36;1mProduct Load (0.0ms)[0m   [0;1mSELECT * FROM "products" [0m
Rendering template within layouts/products
Rendering products/index
Completed in 17ms (View: 9, DB: 0) | 200 OK [http://localhost/products]


Processing ProductsController#index (for 127.0.0.1 at 2014-05-20 18:09:07) [GET]
  [4;35;1mProduct Load (0.0ms)[0m   [0mSELECT * FROM "products" [0m
Rendering template within layouts/products
Rendering products/index
Completed in 22ms (View: 14, DB: 0) | 200 OK [http://localhost/products]


Processing ProductsController#index (for 127.0.0.1 at 2014-05-20 18:09:08) [GET]
  [4;36;1mProduct Load (1.0ms)[0m   [0;1mSELECT * FROM "products" [0m
Rendering template within layouts/products
Rendering products/index
Completed in 22ms (View: 11, DB: 1) | 200 OK [http://localhost/products]


Processing ProductsController#index (for 127.0.0.1 at 2014-05-20 18:09:08) [GET]
  [4;35;1mProduct Load (0.0ms)[0m   [0mSELECT * FROM "products" [0m
Rendering template within layouts/products
Rendering products/index
Completed in 21ms (View: 12, DB: 0) | 200 OK [http://localhost/products]


Processing ProductsController#show (for 127.0.0.1 at 2014-05-20 18:09:10) [GET]
  Parameters: {"id"=>"1"}
  [4;36;1mProduct Load (1.0ms)[0m   [0;1mSELECT * FROM "products" WHERE ("products"."id" = 1) [0m
Rendering template within layouts/products
Rendering products/show
Completed in 16ms (View: 5, DB: 1) | 200 OK [http://localhost/products/1]


Processing ProductsController#index (for 127.0.0.1 at 2014-05-20 18:09:16) [GET]
  [4;35;1mProduct Load (1.0ms)[0m   [0mSELECT * FROM "products" [0m
Rendering template within layouts/products
Rendering products/index
Completed in 25ms (View: 13, DB: 1) | 200 OK [http://localhost/products]


Processing ProductsController#new (for 127.0.0.1 at 2014-05-20 18:09:34) [GET]
Rendering template within layouts/products
Rendering products/new
Completed in 68ms (View: 47, DB: 0) | 200 OK [http://localhost/products/new]


Processing ProductsController#create (for 127.0.0.1 at 2014-05-20 18:09:59) [POST]
  Parameters: {"commit"=>"Create", "authenticity_token"=>"icVaRErHKqXjqnkiZf/zbUe0tM8yvz41/ITHn0jQbpM=", "product"=>{"image_url"=>"/images/utc.jpg", "title"=>"Pragmatic Unit Testing (C#)", "price"=>"27.75", "description"=>"<p>\r\n        Pragmatic programmers use feedback to drive their development and \r\n        personal processes. The most valuable feedback you can get while \r\n        coding comes from unit testing.\r\n      </p>\r\n      <p>\r\n        Without good tests in place, coding can become a frustrating game of \r\n        \"whack-a-mole.\" That's the carnival game where the player strikes at a \r\n        mechanical mole; it retreats and another mole pops up on the opposite side \r\n        of the field. The moles pop up and down so fast that you end up flailing \r\n        your mallet helplessly as the moles continue to pop up where you least \r\n        expect them.\r\n      </p>"}}
  [4;36;1mProduct Load (1.0ms)[0m   [0;1mSELECT "products".id FROM "products" WHERE ("products"."price" = 27.75) LIMIT 1[0m
  [4;35;1mProduct Create (1.0ms)[0m   [0mINSERT INTO "products" ("image_url", "title", "updated_at", "price", "description", "created_at") VALUES('/images/utc.jpg', 'Pragmatic Unit Testing (C#)', '2014-05-20 10:09:59', 27.75, '<p>
 Pragmatic programmers use feedback to drive their development and 
 personal processes. The most valuable feedback you can get while 
 coding comes from unit testing.
 </p>
 <p>
 Without good tests in place, coding can become a frustrating game of 
 "whack-a-mole." That''s the carnival game where the player strikes at a 
 mechanical mole; it retreats and another mole pops up on the opposite side 
 of the field. The moles pop up and down so fast that you end up flailing 
 your mallet helplessly as the moles continue to pop up where you least 
 expect them.
 </p>', '2014-05-20 10:09:59')[0m
Redirected to http://localhost:3000/products/2
Completed in 28ms (DB: 2) | 302 Found [http://localhost/products]


Processing ProductsController#show (for 127.0.0.1 at 2014-05-20 18:09:59) [GET]
  Parameters: {"id"=>"2"}
  [4;36;1mProduct Load (0.0ms)[0m   [0;1mSELECT * FROM "products" WHERE ("products"."id" = 2) [0m
Rendering template within layouts/products
Rendering products/show
Completed in 16ms (View: 6, DB: 0) | 200 OK [http://localhost/products/2]


Processing ProductsController#index (for 127.0.0.1 at 2014-05-20 18:10:00) [GET]
  [4;35;1mProduct Load (1.0ms)[0m   [0mSELECT * FROM "products" [0m
Rendering template within layouts/products
Rendering products/index
Completed in 62ms (View: 11, DB: 1) | 200 OK [http://localhost/products]


Processing ProductsController#new (for 127.0.0.1 at 2014-05-20 18:10:01) [GET]
Rendering template within layouts/products
Rendering products/new
Completed in 26ms (View: 17, DB: 0) | 200 OK [http://localhost/products/new]


Processing ProductsController#create (for 127.0.0.1 at 2014-05-20 18:10:26) [POST]
  Parameters: {"commit"=>"Create", "authenticity_token"=>"icVaRErHKqXjqnkiZf/zbUe0tM8yvz41/ITHn0jQbpM=", "product"=>{"image_url"=>"/images/svn.jpg", "title"=>"Pragmatic Version Control", "price"=>"28.50", "description"=>"<p>\r\n         This book is a recipe-based approach to using Subversion that will \r\n         get you up and running quickly---and correctly. All projects need\r\n         version control: it's a foundational piece of any project's \r\n         infrastructure. Yet half of all project teams in the U.S. don't use\r\n         any version control at all. Many others don't use it well, and end \r\n         up experiencing time-consuming problems.\r\n      </p>"}}
  [4;36;1mProduct Load (1.0ms)[0m   [0;1mSELECT "products".id FROM "products" WHERE ("products"."price" = 28.5) LIMIT 1[0m
  [4;35;1mProduct Create (2.0ms)[0m   [0mINSERT INTO "products" ("image_url", "title", "updated_at", "price", "description", "created_at") VALUES('/images/svn.jpg', 'Pragmatic Version Control', '2014-05-20 10:10:26', 28.5, '<p>
 This book is a recipe-based approach to using Subversion that will 
 get you up and running quickly---and correctly. All projects need
 version control: it''s a foundational piece of any project''s 
 infrastructure. Yet half of all project teams in the U.S. don''t use
 any version control at all. Many others don''t use it well, and end 
 up experiencing time-consuming problems.
 </p>', '2014-05-20 10:10:26')[0m
Redirected to http://localhost:3000/products/3
Completed in 25ms (DB: 3) | 302 Found [http://localhost/products]


Processing ProductsController#show (for 127.0.0.1 at 2014-05-20 18:10:26) [GET]
  Parameters: {"id"=>"3"}
  [4;36;1mProduct Load (0.0ms)[0m   [0;1mSELECT * FROM "products" WHERE ("products"."id" = 3) [0m
Rendering template within layouts/products
Rendering products/show
Completed in 19ms (View: 7, DB: 0) | 200 OK [http://localhost/products/3]


Processing ProductsController#index (for 127.0.0.1 at 2014-05-20 18:10:28) [GET]
  [4;35;1mProduct Load (0.0ms)[0m   [0mSELECT * FROM "products" [0m
Rendering template within layouts/products
Rendering products/index
Completed in 34ms (View: 22, DB: 0) | 200 OK [http://localhost/products]


Processing ProductsController#new (for 127.0.0.1 at 2014-05-20 18:13:35) [GET]

NoMethodError (undefined method `>=' for :title:Symbol):
  app/models/product.rb:5
  app/controllers/products_controller.rb:27:in `new'
  D:/Ruby187/lib/ruby/1.8/webrick/httpserver.rb:104:in `service'
  D:/Ruby187/lib/ruby/1.8/webrick/httpserver.rb:65:in `run'
  D:/Ruby187/lib/ruby/1.8/webrick/server.rb:173:in `start_thread'
  D:/Ruby187/lib/ruby/1.8/webrick/server.rb:162:in `start'
  D:/Ruby187/lib/ruby/1.8/webrick/server.rb:162:in `start_thread'
  D:/Ruby187/lib/ruby/1.8/webrick/server.rb:95:in `start'
  D:/Ruby187/lib/ruby/1.8/webrick/server.rb:92:in `each'
  D:/Ruby187/lib/ruby/1.8/webrick/server.rb:92:in `start'
  D:/Ruby187/lib/ruby/1.8/webrick/server.rb:23:in `start'
  D:/Ruby187/lib/ruby/1.8/webrick/server.rb:82:in `start'
  -e:1:in `load'
  -e:1

Rendered rescues/_trace (44.0ms)
Rendered rescues/_request_and_response (1.0ms)
Rendering rescues/layout (internal_server_error)


Processing ProductsController#new (for 127.0.0.1 at 2014-05-20 18:13:49) [GET]

NoMethodError (undefined method `>' for :title:Symbol):
  app/models/product.rb:5
  app/controllers/products_controller.rb:27:in `new'
  D:/Ruby187/lib/ruby/1.8/webrick/httpserver.rb:104:in `service'
  D:/Ruby187/lib/ruby/1.8/webrick/httpserver.rb:65:in `run'
  D:/Ruby187/lib/ruby/1.8/webrick/server.rb:173:in `start_thread'
  D:/Ruby187/lib/ruby/1.8/webrick/server.rb:162:in `start'
  D:/Ruby187/lib/ruby/1.8/webrick/server.rb:162:in `start_thread'
  D:/Ruby187/lib/ruby/1.8/webrick/server.rb:95:in `start'
  D:/Ruby187/lib/ruby/1.8/webrick/server.rb:92:in `each'
  D:/Ruby187/lib/ruby/1.8/webrick/server.rb:92:in `start'
  D:/Ruby187/lib/ruby/1.8/webrick/server.rb:23:in `start'
  D:/Ruby187/lib/ruby/1.8/webrick/server.rb:82:in `start'
  -e:1:in `load'
  -e:1

Rendered rescues/_trace (35.0ms)
Rendered rescues/_request_and_response (0.0ms)
Rendering rescues/layout (internal_server_error)


Processing ProductsController#new (for 127.0.0.1 at 2014-05-20 18:14:02) [GET]

ArgumentError (Range unspecified.  Specify the :within, :maximum, :minimum, or :is option.):
  app/models/product.rb:5
  app/controllers/products_controller.rb:27:in `new'
  D:/Ruby187/lib/ruby/1.8/webrick/httpserver.rb:104:in `service'
  D:/Ruby187/lib/ruby/1.8/webrick/httpserver.rb:65:in `run'
  D:/Ruby187/lib/ruby/1.8/webrick/server.rb:173:in `start_thread'
  D:/Ruby187/lib/ruby/1.8/webrick/server.rb:162:in `start'
  D:/Ruby187/lib/ruby/1.8/webrick/server.rb:162:in `start_thread'
  D:/Ruby187/lib/ruby/1.8/webrick/server.rb:95:in `start'
  D:/Ruby187/lib/ruby/1.8/webrick/server.rb:92:in `each'
  D:/Ruby187/lib/ruby/1.8/webrick/server.rb:92:in `start'
  D:/Ruby187/lib/ruby/1.8/webrick/server.rb:23:in `start'
  D:/Ruby187/lib/ruby/1.8/webrick/server.rb:82:in `start'
  -e:1:in `load'
  -e:1

Rendered rescues/_trace (38.0ms)
Rendered rescues/_request_and_response (0.0ms)
Rendering rescues/layout (internal_server_error)


Processing ProductsController#new (for 127.0.0.1 at 2014-05-20 18:14:03) [GET]

ArgumentError (Range unspecified.  Specify the :within, :maximum, :minimum, or :is option.):
  app/models/product.rb:5
  app/controllers/products_controller.rb:27:in `new'
  D:/Ruby187/lib/ruby/1.8/webrick/httpserver.rb:104:in `service'
  D:/Ruby187/lib/ruby/1.8/webrick/httpserver.rb:65:in `run'
  D:/Ruby187/lib/ruby/1.8/webrick/server.rb:173:in `start_thread'
  D:/Ruby187/lib/ruby/1.8/webrick/server.rb:162:in `start'
  D:/Ruby187/lib/ruby/1.8/webrick/server.rb:162:in `start_thread'
  D:/Ruby187/lib/ruby/1.8/webrick/server.rb:95:in `start'
  D:/Ruby187/lib/ruby/1.8/webrick/server.rb:92:in `each'
  D:/Ruby187/lib/ruby/1.8/webrick/server.rb:92:in `start'
  D:/Ruby187/lib/ruby/1.8/webrick/server.rb:23:in `start'
  D:/Ruby187/lib/ruby/1.8/webrick/server.rb:82:in `start'
  -e:1:in `load'
  -e:1

Rendered rescues/_trace (50.0ms)
Rendered rescues/_request_and_response (0.0ms)
Rendering rescues/layout (internal_server_error)


Processing ProductsController#new (for 127.0.0.1 at 2014-05-20 18:14:30) [GET]

SyntaxError (D:/work/learn/ruby/depot/app/models/product.rb:7: syntax error, unexpected tSTRING_BEG, expecting kEND
                      :message "111"
                                ^):
  app/controllers/products_controller.rb:27:in `new'
  D:/Ruby187/lib/ruby/1.8/webrick/httpserver.rb:104:in `service'
  D:/Ruby187/lib/ruby/1.8/webrick/httpserver.rb:65:in `run'
  D:/Ruby187/lib/ruby/1.8/webrick/server.rb:173:in `start_thread'
  D:/Ruby187/lib/ruby/1.8/webrick/server.rb:162:in `start'
  D:/Ruby187/lib/ruby/1.8/webrick/server.rb:162:in `start_thread'
  D:/Ruby187/lib/ruby/1.8/webrick/server.rb:95:in `start'
  D:/Ruby187/lib/ruby/1.8/webrick/server.rb:92:in `each'
  D:/Ruby187/lib/ruby/1.8/webrick/server.rb:92:in `start'
  D:/Ruby187/lib/ruby/1.8/webrick/server.rb:23:in `start'
  D:/Ruby187/lib/ruby/1.8/webrick/server.rb:82:in `start'
  -e:1:in `load'
  -e:1

Rendered rescues/_trace (36.0ms)
Rendered rescues/_request_and_response (0.0ms)
Rendering rescues/layout (internal_server_error)


Processing ProductsController#new (for 127.0.0.1 at 2014-05-20 18:14:31) [GET]

SyntaxError (D:/work/learn/ruby/depot/app/models/product.rb:7: syntax error, unexpected tSTRING_BEG, expecting kEND
                      :message "111"
                                ^):
  app/controllers/products_controller.rb:27:in `new'
  D:/Ruby187/lib/ruby/1.8/webrick/httpserver.rb:104:in `service'
  D:/Ruby187/lib/ruby/1.8/webrick/httpserver.rb:65:in `run'
  D:/Ruby187/lib/ruby/1.8/webrick/server.rb:173:in `start_thread'
  D:/Ruby187/lib/ruby/1.8/webrick/server.rb:162:in `start'
  D:/Ruby187/lib/ruby/1.8/webrick/server.rb:162:in `start_thread'
  D:/Ruby187/lib/ruby/1.8/webrick/server.rb:95:in `start'
  D:/Ruby187/lib/ruby/1.8/webrick/server.rb:92:in `each'
  D:/Ruby187/lib/ruby/1.8/webrick/server.rb:92:in `start'
  D:/Ruby187/lib/ruby/1.8/webrick/server.rb:23:in `start'
  D:/Ruby187/lib/ruby/1.8/webrick/server.rb:82:in `start'
  -e:1:in `load'
  -e:1

Rendered rescues/_trace (40.0ms)
Rendered rescues/_request_and_response (0.0ms)
Rendering rescues/layout (internal_server_error)


Processing ProductsController#new (for 127.0.0.1 at 2014-05-20 18:14:31) [GET]

SyntaxError (D:/work/learn/ruby/depot/app/models/product.rb:7: syntax error, unexpected tSTRING_BEG, expecting kEND
                      :message "111"
                                ^):
  app/controllers/products_controller.rb:27:in `new'
  D:/Ruby187/lib/ruby/1.8/webrick/httpserver.rb:104:in `service'
  D:/Ruby187/lib/ruby/1.8/webrick/httpserver.rb:65:in `run'
  D:/Ruby187/lib/ruby/1.8/webrick/server.rb:173:in `start_thread'
  D:/Ruby187/lib/ruby/1.8/webrick/server.rb:162:in `start'
  D:/Ruby187/lib/ruby/1.8/webrick/server.rb:162:in `start_thread'
  D:/Ruby187/lib/ruby/1.8/webrick/server.rb:95:in `start'
  D:/Ruby187/lib/ruby/1.8/webrick/server.rb:92:in `each'
  D:/Ruby187/lib/ruby/1.8/webrick/server.rb:92:in `start'
  D:/Ruby187/lib/ruby/1.8/webrick/server.rb:23:in `start'
  D:/Ruby187/lib/ruby/1.8/webrick/server.rb:82:in `start'
  -e:1:in `load'
  -e:1

Rendered rescues/_trace (80.0ms)
Rendered rescues/_request_and_response (0.0ms)
Rendering rescues/layout (internal_server_error)


Processing ProductsController#new (for 127.0.0.1 at 2014-05-20 18:14:31) [GET]

SyntaxError (D:/work/learn/ruby/depot/app/models/product.rb:7: syntax error, unexpected tSTRING_BEG, expecting kEND
                      :message "111"
                                ^):
  app/controllers/products_controller.rb:27:in `new'
  D:/Ruby187/lib/ruby/1.8/webrick/httpserver.rb:104:in `service'
  D:/Ruby187/lib/ruby/1.8/webrick/httpserver.rb:65:in `run'
  D:/Ruby187/lib/ruby/1.8/webrick/server.rb:173:in `start_thread'
  D:/Ruby187/lib/ruby/1.8/webrick/server.rb:162:in `start'
  D:/Ruby187/lib/ruby/1.8/webrick/server.rb:162:in `start_thread'
  D:/Ruby187/lib/ruby/1.8/webrick/server.rb:95:in `start'
  D:/Ruby187/lib/ruby/1.8/webrick/server.rb:92:in `each'
  D:/Ruby187/lib/ruby/1.8/webrick/server.rb:92:in `start'
  D:/Ruby187/lib/ruby/1.8/webrick/server.rb:23:in `start'
  D:/Ruby187/lib/ruby/1.8/webrick/server.rb:82:in `start'
  -e:1:in `load'
  -e:1

Rendered rescues/_trace (35.0ms)
Rendered rescues/_request_and_response (0.0ms)
Rendering rescues/layout (internal_server_error)


Processing ProductsController#new (for 127.0.0.1 at 2014-05-20 18:14:38) [GET]

SyntaxError (D:/work/learn/ruby/depot/app/models/product.rb:7: syntax error, unexpected tSTRING_BEG, expecting tASSOC
                      :message "111"
                                ^):
  app/controllers/products_controller.rb:27:in `new'
  D:/Ruby187/lib/ruby/1.8/webrick/httpserver.rb:104:in `service'
  D:/Ruby187/lib/ruby/1.8/webrick/httpserver.rb:65:in `run'
  D:/Ruby187/lib/ruby/1.8/webrick/server.rb:173:in `start_thread'
  D:/Ruby187/lib/ruby/1.8/webrick/server.rb:162:in `start'
  D:/Ruby187/lib/ruby/1.8/webrick/server.rb:162:in `start_thread'
  D:/Ruby187/lib/ruby/1.8/webrick/server.rb:95:in `start'
  D:/Ruby187/lib/ruby/1.8/webrick/server.rb:92:in `each'
  D:/Ruby187/lib/ruby/1.8/webrick/server.rb:92:in `start'
  D:/Ruby187/lib/ruby/1.8/webrick/server.rb:23:in `start'
  D:/Ruby187/lib/ruby/1.8/webrick/server.rb:82:in `start'
  -e:1:in `load'
  -e:1

Rendered rescues/_trace (38.0ms)
Rendered rescues/_request_and_response (1.0ms)
Rendering rescues/layout (internal_server_error)


Processing ProductsController#new (for 127.0.0.1 at 2014-05-20 18:14:45) [GET]

ArgumentError (Range unspecified.  Specify the :within, :maximum, :minimum, or :is option.):
  app/models/product.rb:5
  app/controllers/products_controller.rb:27:in `new'
  D:/Ruby187/lib/ruby/1.8/webrick/httpserver.rb:104:in `service'
  D:/Ruby187/lib/ruby/1.8/webrick/httpserver.rb:65:in `run'
  D:/Ruby187/lib/ruby/1.8/webrick/server.rb:173:in `start_thread'
  D:/Ruby187/lib/ruby/1.8/webrick/server.rb:162:in `start'
  D:/Ruby187/lib/ruby/1.8/webrick/server.rb:162:in `start_thread'
  D:/Ruby187/lib/ruby/1.8/webrick/server.rb:95:in `start'
  D:/Ruby187/lib/ruby/1.8/webrick/server.rb:92:in `each'
  D:/Ruby187/lib/ruby/1.8/webrick/server.rb:92:in `start'
  D:/Ruby187/lib/ruby/1.8/webrick/server.rb:23:in `start'
  D:/Ruby187/lib/ruby/1.8/webrick/server.rb:82:in `start'
  -e:1:in `load'
  -e:1

Rendered rescues/_trace (79.0ms)
Rendered rescues/_request_and_response (0.0ms)
Rendering rescues/layout (internal_server_error)


Processing ProductsController#new (for 127.0.0.1 at 2014-05-20 18:14:46) [GET]

ArgumentError (Range unspecified.  Specify the :within, :maximum, :minimum, or :is option.):
  app/models/product.rb:5
  app/controllers/products_controller.rb:27:in `new'
  D:/Ruby187/lib/ruby/1.8/webrick/httpserver.rb:104:in `service'
  D:/Ruby187/lib/ruby/1.8/webrick/httpserver.rb:65:in `run'
  D:/Ruby187/lib/ruby/1.8/webrick/server.rb:173:in `start_thread'
  D:/Ruby187/lib/ruby/1.8/webrick/server.rb:162:in `start'
  D:/Ruby187/lib/ruby/1.8/webrick/server.rb:162:in `start_thread'
  D:/Ruby187/lib/ruby/1.8/webrick/server.rb:95:in `start'
  D:/Ruby187/lib/ruby/1.8/webrick/server.rb:92:in `each'
  D:/Ruby187/lib/ruby/1.8/webrick/server.rb:92:in `start'
  D:/Ruby187/lib/ruby/1.8/webrick/server.rb:23:in `start'
  D:/Ruby187/lib/ruby/1.8/webrick/server.rb:82:in `start'
  -e:1:in `load'
  -e:1

Rendered rescues/_trace (39.0ms)
Rendered rescues/_request_and_response (1.0ms)
Rendering rescues/layout (internal_server_error)


Processing ProductsController#new (for 127.0.0.1 at 2014-05-20 18:14:47) [GET]

ArgumentError (Range unspecified.  Specify the :within, :maximum, :minimum, or :is option.):
  app/models/product.rb:5
  app/controllers/products_controller.rb:27:in `new'
  D:/Ruby187/lib/ruby/1.8/webrick/httpserver.rb:104:in `service'
  D:/Ruby187/lib/ruby/1.8/webrick/httpserver.rb:65:in `run'
  D:/Ruby187/lib/ruby/1.8/webrick/server.rb:173:in `start_thread'
  D:/Ruby187/lib/ruby/1.8/webrick/server.rb:162:in `start'
  D:/Ruby187/lib/ruby/1.8/webrick/server.rb:162:in `start_thread'
  D:/Ruby187/lib/ruby/1.8/webrick/server.rb:95:in `start'
  D:/Ruby187/lib/ruby/1.8/webrick/server.rb:92:in `each'
  D:/Ruby187/lib/ruby/1.8/webrick/server.rb:92:in `start'
  D:/Ruby187/lib/ruby/1.8/webrick/server.rb:23:in `start'
  D:/Ruby187/lib/ruby/1.8/webrick/server.rb:82:in `start'
  -e:1:in `load'
  -e:1

Rendered rescues/_trace (32.0ms)
Rendered rescues/_request_and_response (1.0ms)
Rendering rescues/layout (internal_server_error)


Processing ProductsController#new (for 127.0.0.1 at 2014-05-20 18:15:20) [GET]
Rendering template within layouts/products
Rendering products/new
Completed in 21ms (View: 12, DB: 0) | 200 OK [http://localhost/products/new]


Processing ProductsController#create (for 127.0.0.1 at 2014-05-20 18:15:22) [POST]
  Parameters: {"commit"=>"Create", "authenticity_token"=>"icVaRErHKqXjqnkiZf/zbUe0tM8yvz41/ITHn0jQbpM=", "product"=>{"image_url"=>"", "title"=>"", "price"=>"0.0", "description"=>""}}
  [4;36;1mProduct Load (0.0ms)[0m   [0;1mSELECT "products".id FROM "products" WHERE ("products"."price" = 0.0) LIMIT 1[0m
Rendering template within layouts/products
Rendering products/new
Completed in 33ms (View: 21, DB: 0) | 200 OK [http://localhost/products]


Processing ProductsController#index (for 127.0.0.1 at 2014-05-21 11:10:04) [GET]
  [4;36;1mProduct Load (0.0ms)[0m   [0;1mSELECT * FROM "products" [0m
Rendering template within layouts/products
Rendering products/index
Completed in 61ms (View: 49, DB: 0) | 200 OK [http://localhost/products]


Processing ProductsController#index (for 127.0.0.1 at 2014-05-21 11:10:14) [GET]
  [4;35;1mProduct Load (0.0ms)[0m   [0mSELECT * FROM "products" [0m
Rendering template within layouts/products
Rendering products/index
Completed in 67ms (View: 56, DB: 0) | 200 OK [http://localhost/products]


Processing ApplicationController#index (for 127.0.0.1 at 2014-05-21 11:10:44) [GET]

ActionController::RoutingError (No route matches "/store" with {:method=>:get}):
  D:/Ruby187/lib/ruby/1.8/webrick/httpserver.rb:104:in `service'
  D:/Ruby187/lib/ruby/1.8/webrick/httpserver.rb:65:in `run'
  D:/Ruby187/lib/ruby/1.8/webrick/server.rb:173:in `start_thread'
  D:/Ruby187/lib/ruby/1.8/webrick/server.rb:162:in `start'
  D:/Ruby187/lib/ruby/1.8/webrick/server.rb:162:in `start_thread'
  D:/Ruby187/lib/ruby/1.8/webrick/server.rb:95:in `start'
  D:/Ruby187/lib/ruby/1.8/webrick/server.rb:92:in `each'
  D:/Ruby187/lib/ruby/1.8/webrick/server.rb:92:in `start'
  D:/Ruby187/lib/ruby/1.8/webrick/server.rb:23:in `start'
  D:/Ruby187/lib/ruby/1.8/webrick/server.rb:82:in `start'
  -e:1:in `load'
  -e:1

Rendering rescues/layout (not_found)


Processing ApplicationController#index (for 127.0.0.1 at 2014-05-21 11:10:56) [GET]

ActionController::RoutingError (No route matches "/depot/sotre" with {:method=>:get}):
  D:/Ruby187/lib/ruby/1.8/webrick/httpserver.rb:104:in `service'
  D:/Ruby187/lib/ruby/1.8/webrick/httpserver.rb:65:in `run'
  D:/Ruby187/lib/ruby/1.8/webrick/server.rb:173:in `start_thread'
  D:/Ruby187/lib/ruby/1.8/webrick/server.rb:162:in `start'
  D:/Ruby187/lib/ruby/1.8/webrick/server.rb:162:in `start_thread'
  D:/Ruby187/lib/ruby/1.8/webrick/server.rb:95:in `start'
  D:/Ruby187/lib/ruby/1.8/webrick/server.rb:92:in `each'
  D:/Ruby187/lib/ruby/1.8/webrick/server.rb:92:in `start'
  D:/Ruby187/lib/ruby/1.8/webrick/server.rb:23:in `start'
  D:/Ruby187/lib/ruby/1.8/webrick/server.rb:82:in `start'
  -e:1:in `load'
  -e:1

Rendering rescues/layout (not_found)


Processing ProductsController#index (for 127.0.0.1 at 2014-05-21 11:11:00) [GET]
  [4;36;1mProduct Load (1.0ms)[0m   [0;1mSELECT * FROM "products" [0m
Rendering template within layouts/products
Rendering products/index
Completed in 24ms (View: 16, DB: 1) | 200 OK [http://localhost/products]


Processing ApplicationController#index (for 127.0.0.1 at 2014-05-21 11:11:05) [GET]

ActionController::RoutingError (No route matches "/stores" with {:method=>:get}):
  D:/Ruby187/lib/ruby/1.8/webrick/httpserver.rb:104:in `service'
  D:/Ruby187/lib/ruby/1.8/webrick/httpserver.rb:65:in `run'
  D:/Ruby187/lib/ruby/1.8/webrick/server.rb:173:in `start_thread'
  D:/Ruby187/lib/ruby/1.8/webrick/server.rb:162:in `start'
  D:/Ruby187/lib/ruby/1.8/webrick/server.rb:162:in `start_thread'
  D:/Ruby187/lib/ruby/1.8/webrick/server.rb:95:in `start'
  D:/Ruby187/lib/ruby/1.8/webrick/server.rb:92:in `each'
  D:/Ruby187/lib/ruby/1.8/webrick/server.rb:92:in `start'
  D:/Ruby187/lib/ruby/1.8/webrick/server.rb:23:in `start'
  D:/Ruby187/lib/ruby/1.8/webrick/server.rb:82:in `start'
  -e:1:in `load'
  -e:1

Rendering rescues/layout (not_found)


Processing ApplicationController#index (for 127.0.0.1 at 2014-05-21 11:11:27) [GET]

ActionController::RoutingError (No route matches "/stores" with {:method=>:get}):
  D:/Ruby187/lib/ruby/1.8/webrick/httpserver.rb:104:in `service'
  D:/Ruby187/lib/ruby/1.8/webrick/httpserver.rb:65:in `run'
  D:/Ruby187/lib/ruby/1.8/webrick/server.rb:173:in `start_thread'
  D:/Ruby187/lib/ruby/1.8/webrick/server.rb:162:in `start'
  D:/Ruby187/lib/ruby/1.8/webrick/server.rb:162:in `start_thread'
  D:/Ruby187/lib/ruby/1.8/webrick/server.rb:95:in `start'
  D:/Ruby187/lib/ruby/1.8/webrick/server.rb:92:in `each'
  D:/Ruby187/lib/ruby/1.8/webrick/server.rb:92:in `start'
  D:/Ruby187/lib/ruby/1.8/webrick/server.rb:23:in `start'
  D:/Ruby187/lib/ruby/1.8/webrick/server.rb:82:in `start'
  -e:1:in `load'
  -e:1

Rendering rescues/layout (not_found)


Processing ApplicationController#index (for 127.0.0.1 at 2014-05-21 11:11:28) [GET]

ActionController::RoutingError (No route matches "/stores" with {:method=>:get}):
  D:/Ruby187/lib/ruby/1.8/webrick/httpserver.rb:104:in `service'
  D:/Ruby187/lib/ruby/1.8/webrick/httpserver.rb:65:in `run'
  D:/Ruby187/lib/ruby/1.8/webrick/server.rb:173:in `start_thread'
  D:/Ruby187/lib/ruby/1.8/webrick/server.rb:162:in `start'
  D:/Ruby187/lib/ruby/1.8/webrick/server.rb:162:in `start_thread'
  D:/Ruby187/lib/ruby/1.8/webrick/server.rb:95:in `start'
  D:/Ruby187/lib/ruby/1.8/webrick/server.rb:92:in `each'
  D:/Ruby187/lib/ruby/1.8/webrick/server.rb:92:in `start'
  D:/Ruby187/lib/ruby/1.8/webrick/server.rb:23:in `start'
  D:/Ruby187/lib/ruby/1.8/webrick/server.rb:82:in `start'
  -e:1:in `load'
  -e:1

Rendering rescues/layout (not_found)


Processing StoreController#index (for 127.0.0.1 at 2014-05-21 11:11:30) [GET]
Rendering store/index
Completed in 14ms (View: 12, DB: 0) | 200 OK [http://localhost/store]


Processing StoreController#index (for 127.0.0.1 at 2014-05-21 11:24:13) [GET]
  [4;36;1mProduct Load (2.0ms)[0m   [0;1mSELECT * FROM "products" ORDER BY title[0m
Rendering store/index
Completed in 57ms (View: 48, DB: 2) | 200 OK [http://localhost/store]


Processing StoreController#index (for 127.0.0.1 at 2014-05-21 11:29:54) [GET]
  [4;35;1mProduct Load (0.0ms)[0m   [0mSELECT * FROM "products" ORDER BY title[0m
Rendering template within layouts/store
Rendering store/index
Completed in 24ms (View: 15, DB: 0) | 200 OK [http://localhost/store]


Processing StoreController#index (for 127.0.0.1 at 2014-05-21 11:30:09) [GET]
  [4;36;1mProduct Load (1.0ms)[0m   [0;1mSELECT * FROM "products" ORDER BY title[0m
Rendering template within layouts/store
Rendering store/index
Completed in 16ms (View: 6, DB: 1) | 200 OK [http://localhost/store]


Processing StoreController#index (for 127.0.0.1 at 2014-05-21 11:30:34) [GET]
  [4;35;1mProduct Load (1.0ms)[0m   [0mSELECT * FROM "products" ORDER BY title[0m
Rendering template within layouts/store
Rendering store/index
Completed in 37ms (View: 11, DB: 1) | 200 OK [http://localhost/store]


Processing StoreController#index (for 127.0.0.1 at 2014-05-21 11:32:36) [GET]
  [4;36;1mProduct Load (0.0ms)[0m   [0;1mSELECT * FROM "products" ORDER BY title[0m
Rendering template within layouts/store
Rendering store/index
Completed in 34ms (View: 23, DB: 0) | 200 OK [http://localhost/store]


Processing StoreController#index (for 127.0.0.1 at 2014-05-21 11:34:58) [GET]
  [4;35;1mProduct Load (1.0ms)[0m   [0mSELECT * FROM "products" ORDER BY title[0m
Rendering template within layouts/store
Rendering store/index
Completed in 33ms (View: 22, DB: 1) | 200 OK [http://localhost/store]


Processing StoreController#index (for 127.0.0.1 at 2014-05-21 11:35:00) [POST]
  Parameters: {"authenticity_token"=>"icVaRErHKqXjqnkiZf/zbUe0tM8yvz41/ITHn0jQbpM="}
  [4;36;1mProduct Load (1.0ms)[0m   [0;1mSELECT * FROM "products" ORDER BY title[0m
Rendering template within layouts/store
Rendering store/index
Completed in 36ms (View: 21, DB: 1) | 200 OK [http://localhost/store]


Processing StoreController#index (for 127.0.0.1 at 2014-05-21 11:38:11) [POST]
  Parameters: {"authenticity_token"=>"icVaRErHKqXjqnkiZf/zbUe0tM8yvz41/ITHn0jQbpM="}
  [4;35;1mProduct Load (1.0ms)[0m   [0mSELECT * FROM "products" ORDER BY title[0m
Rendering template within layouts/store
Rendering store/index
Completed in 31ms (View: 20, DB: 1) | 200 OK [http://localhost/store]


Processing StoreController#index (for 127.0.0.1 at 2014-05-21 11:38:27) [POST]
  Parameters: {"authenticity_token"=>"icVaRErHKqXjqnkiZf/zbUe0tM8yvz41/ITHn0jQbpM="}
  [4;36;1mProduct Load (0.0ms)[0m   [0;1mSELECT * FROM "products" ORDER BY title[0m
Rendering template within layouts/store
Rendering store/index
Completed in 35ms (View: 25, DB: 0) | 200 OK [http://localhost/store]


Processing StoreController#index (for 127.0.0.1 at 2014-05-21 11:38:32) [POST]
  Parameters: {"authenticity_token"=>"icVaRErHKqXjqnkiZf/zbUe0tM8yvz41/ITHn0jQbpM="}
  [4;35;1mProduct Load (1.0ms)[0m   [0mSELECT * FROM "products" ORDER BY title[0m
Rendering template within layouts/store
Rendering store/index
Completed in 38ms (View: 21, DB: 1) | 200 OK [http://localhost/store]


Processing StoreController#index (for 127.0.0.1 at 2014-05-21 11:38:34) [POST]
  Parameters: {"authenticity_token"=>"icVaRErHKqXjqnkiZf/zbUe0tM8yvz41/ITHn0jQbpM="}
  [4;36;1mProduct Load (1.0ms)[0m   [0;1mSELECT * FROM "products" ORDER BY title[0m
Rendering template within layouts/store
Rendering store/index
Completed in 36ms (View: 22, DB: 1) | 200 OK [http://localhost/store]


Processing StoreController#index (for 127.0.0.1 at 2014-05-21 11:39:17) [POST]
  Parameters: {"authenticity_token"=>"icVaRErHKqXjqnkiZf/zbUe0tM8yvz41/ITHn0jQbpM="}
  [4;35;1mProduct Load (1.0ms)[0m   [0mSELECT * FROM "products" ORDER BY title[0m
Rendering template within layouts/store
Rendering store/index
Completed in 84ms (View: 75, DB: 1) | 200 OK [http://localhost/store]


Processing StoreController#post (for 127.0.0.1 at 2014-05-21 11:39:19) [GET]

ActionController::UnknownAction (No action responded to post. Actions: index):
  D:/Ruby187/lib/ruby/1.8/webrick/httpserver.rb:104:in `service'
  D:/Ruby187/lib/ruby/1.8/webrick/httpserver.rb:65:in `run'
  D:/Ruby187/lib/ruby/1.8/webrick/server.rb:173:in `start_thread'
  D:/Ruby187/lib/ruby/1.8/webrick/server.rb:162:in `start'
  D:/Ruby187/lib/ruby/1.8/webrick/server.rb:162:in `start_thread'
  D:/Ruby187/lib/ruby/1.8/webrick/server.rb:95:in `start'
  D:/Ruby187/lib/ruby/1.8/webrick/server.rb:92:in `each'
  D:/Ruby187/lib/ruby/1.8/webrick/server.rb:92:in `start'
  D:/Ruby187/lib/ruby/1.8/webrick/server.rb:23:in `start'
  D:/Ruby187/lib/ruby/1.8/webrick/server.rb:82:in `start'
  -e:1:in `load'
  -e:1

Rendering rescues/layout (not_found)


Processing StoreController#index (for 127.0.0.1 at 2014-05-21 11:39:35) [POST]
  Parameters: {"authenticity_token"=>"icVaRErHKqXjqnkiZf/zbUe0tM8yvz41/ITHn0jQbpM="}
  [4;36;1mProduct Load (1.0ms)[0m   [0;1mSELECT * FROM "products" ORDER BY title[0m
Rendering template within layouts/store
Rendering store/index
Completed in 35ms (View: 26, DB: 1) | 200 OK [http://localhost/store]


Processing StoreController#index (for 127.0.0.1 at 2014-05-21 11:39:36) [GET]
  Parameters: {"method"=>"post"}
  [4;35;1mProduct Load (1.0ms)[0m   [0mSELECT * FROM "products" ORDER BY title[0m
Rendering template within layouts/store
Rendering store/index
Completed in 34ms (View: 22, DB: 1) | 200 OK [http://localhost/store?method=post]


Processing StoreController#index (for 127.0.0.1 at 2014-05-21 11:39:37) [GET]
  Parameters: {"method"=>"post"}
  [4;36;1mProduct Load (1.0ms)[0m   [0;1mSELECT * FROM "products" ORDER BY title[0m
Rendering template within layouts/store
Rendering store/index
Completed in 35ms (View: 23, DB: 1) | 200 OK [http://localhost/store?method=post]


Processing StoreController#index (for 127.0.0.1 at 2014-05-21 11:39:41) [GET]
  Parameters: {"method"=>"post"}
  [4;35;1mProduct Load (1.0ms)[0m   [0mSELECT * FROM "products" ORDER BY title[0m
Rendering template within layouts/store
Rendering store/index
Completed in 31ms (View: 20, DB: 1) | 200 OK [http://localhost/store?method=post]


Processing StoreController#index (for 127.0.0.1 at 2014-05-21 11:40:47) [GET]
  Parameters: {"method"=>"post"}
  [4;36;1mProduct Load (1.0ms)[0m   [0;1mSELECT * FROM "products" ORDER BY title[0m
Rendering template within layouts/store
Rendering store/index
Completed in 33ms (View: 23, DB: 1) | 200 OK [http://localhost/store?method=post]


Processing StoreController#index (for 127.0.0.1 at 2014-05-21 11:40:48) [GET]
  Parameters: {"method"=>"post"}
  [4;35;1mProduct Load (0.0ms)[0m   [0mSELECT * FROM "products" ORDER BY title[0m
Rendering template within layouts/store
Rendering store/index
Completed in 36ms (View: 23, DB: 0) | 200 OK [http://localhost/store?method=post]


Processing StoreController#index (for 127.0.0.1 at 2014-05-21 11:41:07) [GET]
  Parameters: {"method"=>"post"}
  [4;36;1mProduct Load (1.0ms)[0m   [0;1mSELECT * FROM "products" ORDER BY title[0m
Rendering template within layouts/store
Rendering store/index
Completed in 52ms (View: 38, DB: 1) | 200 OK [http://localhost/store?method=post]


Processing StoreController#index (for 127.0.0.1 at 2014-05-21 11:41:16) [GET]
  Parameters: {"method"=>"post"}
  [4;35;1mProduct Load (0.0ms)[0m   [0mSELECT * FROM "products" ORDER BY title[0m
Rendering template within layouts/store
Rendering store/index
Completed in 47ms (View: 33, DB: 0) | 200 OK [http://localhost/store?method=post]


Processing StoreController#index (for 127.0.0.1 at 2014-05-21 11:41:17) [GET]
  Parameters: {"method"=>"post"}
  [4;36;1mProduct Load (1.0ms)[0m   [0;1mSELECT * FROM "products" ORDER BY title[0m
Rendering template within layouts/store
Rendering store/index
Completed in 33ms (View: 22, DB: 1) | 200 OK [http://localhost/store?method=post]


Processing StoreController#index (for 127.0.0.1 at 2014-05-21 11:41:17) [GET]
  Parameters: {"method"=>"post"}
  [4;35;1mProduct Load (1.0ms)[0m   [0mSELECT * FROM "products" ORDER BY title[0m
Rendering template within layouts/store
Rendering store/index
Completed in 37ms (View: 24, DB: 1) | 200 OK [http://localhost/store?method=post]


Processing StoreController#index (for 127.0.0.1 at 2014-05-21 11:41:42) [GET]
  Parameters: {"method"=>"post"}
  [4;36;1mProduct Load (1.0ms)[0m   [0;1mSELECT * FROM "products" ORDER BY title[0m
Rendering template within layouts/store
Rendering store/index
Completed in 106ms (View: 94, DB: 1) | 200 OK [http://localhost/store?method=post]
